<?xml version="1.0" encoding="UTF-8"?>
<!-- Generated by org.testng.reporters.JUnitXMLReporter -->
<testsuite hostname="LAPTOP-PLNO5R2G" ignored="0" name="Tutorials Ninja Test" tests="4" failures="0" timestamp="26 May 2023 23:35:00 GMT" time="28.636" errors="0">
  <testcase name="pageTitleandpageUrl" time="0.035" classname="com.qa.ninja.testcases.Ninja_LandinPageTest"/>
  <testcase name="loginWithInvalidCredentials" time="0.912" classname="com.qa.ninja.testcases.Ninja_LoginPageTest"/>
  <testcase name="registrationWithNoDetails" time="0.736" classname="com.qa.ninja.testcases.Ninja_CreateAnAccountTests"/>
  <testcase name="searchWithValidProduct" time="1.32" classname="com.qa.ninja.testcases.Ninja_SearchTests"/>
</testsuite> <!-- Tutorials Ninja Test -->
