<?xml version="1.0" encoding="UTF-8"?>
<testsuite xmlns:xsi="http://www.w3.org/2001/XMLSchema-instance" xsi:noNamespaceSchemaLocation="https://maven.apache.org/surefire/maven-surefire-plugin/xsd/surefire-test-report-3.0.xsd" version="3.0" name="TestSuite" time="30.258" tests="4" errors="0" skipped="0" failures="0">
  <properties>
[...]
</properties>
  <testcase name="pageTitleandpageUrl" classname="com.qa.ninja.testcases.Ninja_LandinPageTest" time="0.022">
    <system-out><![CDATA[[TestNGContentHandler] [WARN] It is strongly recommended to add "<!DOCTYPE suite SYSTEM "http://testng.org/testng-1.0.dtd" >" at the top of your file, otherwise TestNG may fail or not work as expected.
[DEBUG] Using SLF4J as the default logging framework
[DEBUG] -Dio.netty.leakDetection.level: simple
[DEBUG] -Dio.netty.leakDetection.targetRecords: 4
[DEBUG] Loaded default ResourceLeakDetector: io.netty.util.ResourceLeakDetector@78383390
[DEBUG] -Dio.netty.noUnsafe: false
[DEBUG] Java version: 8
[DEBUG] sun.misc.Unsafe.theUnsafe: available
[DEBUG] sun.misc.Unsafe.copyMemory: available
[DEBUG] sun.misc.Unsafe.storeFence: available
[DEBUG] java.nio.Buffer.address: available
[DEBUG] direct buffer constructor: available
[DEBUG] java.nio.Bits.unaligned: available, true
[DEBUG] jdk.internal.misc.Unsafe.allocateUninitializedArray(int): unavailable prior to Java9
[DEBUG] java.nio.DirectByteBuffer.<init>(long, int): available
[DEBUG] sun.misc.Unsafe: available
[DEBUG] -Dio.netty.tmpdir: C:\Users\chowd\AppData\Local\Temp (java.io.tmpdir)
[DEBUG] -Dio.netty.bitMode: 64 (sun.arch.data.model)
[DEBUG] Platform: Windows
[DEBUG] -Dio.netty.maxDirectMemory: 2803892224 bytes
[DEBUG] -Dio.netty.uninitializedArrayAllocationThreshold: -1
[DEBUG] java.nio.ByteBuffer.cleaner(): available
[DEBUG] -Dio.netty.noPreferDirect: false
[DEBUG] org.jctools-core.MpscChunkedArrayQueue: available
[DEBUG] -Dio.netty.threadLocalMap.stringBuilder.initialSize: 1024
[DEBUG] -Dio.netty.threadLocalMap.stringBuilder.maxSize: 4096
[DEBUG] Default protocols (JDK): [TLSv1.2] 
[DEBUG] Default cipher suites (JDK): [TLS_ECDHE_ECDSA_WITH_AES_256_GCM_SHA384, TLS_ECDHE_ECDSA_WITH_AES_128_GCM_SHA256, TLS_ECDHE_RSA_WITH_AES_128_GCM_SHA256, TLS_ECDHE_RSA_WITH_AES_256_GCM_SHA384, TLS_ECDHE_RSA_WITH_AES_128_CBC_SHA, TLS_ECDHE_RSA_WITH_AES_256_CBC_SHA, TLS_RSA_WITH_AES_128_GCM_SHA256, TLS_RSA_WITH_AES_128_CBC_SHA, TLS_RSA_WITH_AES_256_CBC_SHA, TLS_AES_128_GCM_SHA256, TLS_AES_256_GCM_SHA384]
[DEBUG] -Dio.netty.globalEventExecutor.quietPeriodSeconds: 1
[DEBUG] -Dio.netty.eventLoopThreads: 16
[DEBUG] -Dio.netty.noKeySetOptimization: false
[DEBUG] -Dio.netty.selectorAutoRebuildThreshold: 512
[DEBUG] -Dio.netty.allocator.numHeapArenas: 16
[DEBUG] -Dio.netty.allocator.numDirectArenas: 16
[DEBUG] -Dio.netty.allocator.pageSize: 8192
[DEBUG] -Dio.netty.allocator.maxOrder: 9
[DEBUG] -Dio.netty.allocator.chunkSize: 4194304
[DEBUG] -Dio.netty.allocator.smallCacheSize: 256
[DEBUG] -Dio.netty.allocator.normalCacheSize: 64
[DEBUG] -Dio.netty.allocator.maxCachedBufferCapacity: 32768
[DEBUG] -Dio.netty.allocator.cacheTrimInterval: 8192
[DEBUG] -Dio.netty.allocator.cacheTrimIntervalMillis: 0
[DEBUG] -Dio.netty.allocator.useCacheForAllThreads: false
[DEBUG] -Dio.netty.allocator.maxCachedByteBuffersPerChunk: 1023
[DEBUG] -Dio.netty.allocator.type: pooled
[DEBUG] -Dio.netty.threadLocalDirectBufferSize: 0
[DEBUG] -Dio.netty.maxThreadLocalCharBufferSize: 16384
[DEBUG] -Dio.netty.processId: 22020 (auto-detected)
[DEBUG] -Djava.net.preferIPv4Stack: false
[DEBUG] -Djava.net.preferIPv6Addresses: false
[DEBUG] Loopback interface: lo (Software Loopback Interface 1, 127.0.0.1)
[DEBUG] Failed to get SOMAXCONN from sysctl and file \proc\sys\net\core\somaxconn. Default: 200
[DEBUG] -Dio.netty.machineId: 34:6f:24:ff:fe:1f:1c:1f (auto-detected)
[DEBUG] -Dio.netty.buffer.checkAccessible: true
[DEBUG] -Dio.netty.buffer.checkBounds: true
[DEBUG] Loaded default ResourceLeakDetector: io.netty.util.ResourceLeakDetector@5f59964a
[DEBUG] Using new Channel '[id: 0xf4896cd9, L:/127.0.0.1:58732 - R:localhost/127.0.0.1:6213]' for 'POST' to '/session'
[DEBUG] -Dio.netty.recycler.maxCapacityPerThread: 4096
[DEBUG] -Dio.netty.recycler.ratio: 8
[DEBUG] -Dio.netty.recycler.chunkSize: 32
[DEBUG] -Dio.netty.recycler.blocking: false
[DEBUG] -Dio.netty.recycler.batchFastThreadLocalOnly: true
[DEBUG] brotli4j not in the classpath; Brotli support will be unavailable.
[DEBUG] 

Request DefaultHttpRequest(decodeResult: success, version: HTTP/1.1)
POST /session HTTP/1.1
User-Agent: selenium/4.8.2 (java windows)
Content-Length: 489
Content-Type: application/json; charset=utf-8
host: localhost:6213
accept: */*

Response DefaultHttpResponse(decodeResult: success, version: HTTP/1.1)
HTTP/1.1 200 OK
Content-Length: 859
Content-Type: application/json; charset=utf-8
cache-control: no-cache

[DEBUG] Adding key: http://localhost:6213 for channel [id: 0xf4896cd9, L:/127.0.0.1:58732 - R:localhost/127.0.0.1:6213]
[DEBUG] Using new Channel '[id: 0x5a1f54f3, L:/127.0.0.1:58738 - R:localhost/127.0.0.1:58733]' for 'GET' to '/json/version'
[DEBUG] 

Request DefaultFullHttpRequest(decodeResult: success, version: HTTP/1.1, content: EmptyByteBufBE)
GET /json/version HTTP/1.1
User-Agent: selenium/4.8.2 (java windows)
host: localhost:58733
accept: */*

Response DefaultHttpResponse(decodeResult: success, version: HTTP/1.1)
HTTP/1.1 200 OK
Content-Security-Policy: frame-ancestors 'none'
Content-Length: 424
Content-Type: application/json; charset=UTF-8

[DEBUG] Adding key: http://localhost:58733 for channel [id: 0x5a1f54f3, L:/127.0.0.1:58738 - R:localhost/127.0.0.1:58733]
[DEBUG] -Dio.netty.initialSeedUniquifier: 0x0c71814712426854
[DEBUG] Using new Channel '[id: 0xadab765e, L:/127.0.0.1:58739 - R:localhost/127.0.0.1:58733]' for 'GET' to '/devtools/browser/b488867d-cff1-4449-a6f6-7cd4852ff9bf'
[DEBUG] 

Request DefaultFullHttpRequest(decodeResult: success, version: HTTP/1.1, content: EmptyByteBufBE)
GET /devtools/browser/b488867d-cff1-4449-a6f6-7cd4852ff9bf HTTP/1.1
upgrade: websocket
connection: upgrade
sec-websocket-key: YNQalkZ6T4OzTLMHcRoIUA==
sec-websocket-version: 13
origin: http://localhost:58733
host: localhost:58733
accept: */*
user-agent: AHC/2.1

Response DefaultHttpResponse(decodeResult: success, version: HTTP/1.1)
HTTP/1.1 101 WebSocket Protocol Handshake
Upgrade: WebSocket
Connection: Upgrade
Sec-WebSocket-Accept: 5Gl+DSyBYUv4yOXyKo38eyZDlhI=

[DEBUG] Using pooled Channel '[id: 0xf4896cd9, L:/127.0.0.1:58732 - R:localhost/127.0.0.1:6213]' for 'POST' to 'http://localhost:6213/session/9bd33102c2ee15f4dcd548a8a2ddd9eb/window/maximize'
[DEBUG] Using open Channel [id: 0xf4896cd9, L:/127.0.0.1:58732 - R:localhost/127.0.0.1:6213] for POST '/session/9bd33102c2ee15f4dcd548a8a2ddd9eb/window/maximize'
[DEBUG] 

Request DefaultHttpRequest(decodeResult: success, version: HTTP/1.1)
POST /session/9bd33102c2ee15f4dcd548a8a2ddd9eb/window/maximize HTTP/1.1
User-Agent: selenium/4.8.2 (java windows)
Content-Length: 3
Content-Type: application/json; charset=utf-8
host: localhost:6213
accept: */*

Response DefaultHttpResponse(decodeResult: success, version: HTTP/1.1)
HTTP/1.1 200 OK
Content-Length: 51
Content-Type: application/json; charset=utf-8
cache-control: no-cache

[DEBUG] Adding key: http://localhost:6213 for channel [id: 0xf4896cd9, L:/127.0.0.1:58732 - R:localhost/127.0.0.1:6213]
[DEBUG] Using pooled Channel '[id: 0xf4896cd9, L:/127.0.0.1:58732 - R:localhost/127.0.0.1:6213]' for 'POST' to 'http://localhost:6213/session/9bd33102c2ee15f4dcd548a8a2ddd9eb/url'
[DEBUG] Using open Channel [id: 0xf4896cd9, L:/127.0.0.1:58732 - R:localhost/127.0.0.1:6213] for POST '/session/9bd33102c2ee15f4dcd548a8a2ddd9eb/url'
[DEBUG] Entry count for : http://localhost:58733 : 1
[DEBUG] Entry count for : http://localhost:58733 : 1
[DEBUG] 

Request DefaultHttpRequest(decodeResult: success, version: HTTP/1.1)
POST /session/9bd33102c2ee15f4dcd548a8a2ddd9eb/url HTTP/1.1
User-Agent: selenium/4.8.2 (java windows)
Content-Length: 67
Content-Type: application/json; charset=utf-8
host: localhost:6213
accept: */*

Response DefaultHttpResponse(decodeResult: success, version: HTTP/1.1)
HTTP/1.1 200 OK
Content-Length: 14
Content-Type: application/json; charset=utf-8
cache-control: no-cache

[DEBUG] Adding key: http://localhost:6213 for channel [id: 0xf4896cd9, L:/127.0.0.1:58732 - R:localhost/127.0.0.1:6213]
[DEBUG] Using pooled Channel '[id: 0xf4896cd9, L:/127.0.0.1:58732 - R:localhost/127.0.0.1:6213]' for 'POST' to 'http://localhost:6213/session/9bd33102c2ee15f4dcd548a8a2ddd9eb/timeouts'
[DEBUG] Using open Channel [id: 0xf4896cd9, L:/127.0.0.1:58732 - R:localhost/127.0.0.1:6213] for POST '/session/9bd33102c2ee15f4dcd548a8a2ddd9eb/timeouts'
[DEBUG] 

Request DefaultHttpRequest(decodeResult: success, version: HTTP/1.1)
POST /session/9bd33102c2ee15f4dcd548a8a2ddd9eb/timeouts HTTP/1.1
User-Agent: selenium/4.8.2 (java windows)
Content-Length: 23
Content-Type: application/json; charset=utf-8
host: localhost:6213
accept: */*

Response DefaultHttpResponse(decodeResult: success, version: HTTP/1.1)
HTTP/1.1 200 OK
Content-Length: 14
Content-Type: application/json; charset=utf-8
cache-control: no-cache

[DEBUG] Adding key: http://localhost:6213 for channel [id: 0xf4896cd9, L:/127.0.0.1:58732 - R:localhost/127.0.0.1:6213]
[DEBUG] Using pooled Channel '[id: 0xf4896cd9, L:/127.0.0.1:58732 - R:localhost/127.0.0.1:6213]' for 'POST' to 'http://localhost:6213/session/9bd33102c2ee15f4dcd548a8a2ddd9eb/timeouts'
[DEBUG] Using open Channel [id: 0xf4896cd9, L:/127.0.0.1:58732 - R:localhost/127.0.0.1:6213] for POST '/session/9bd33102c2ee15f4dcd548a8a2ddd9eb/timeouts'
[DEBUG] 

Request DefaultHttpRequest(decodeResult: success, version: HTTP/1.1)
POST /session/9bd33102c2ee15f4dcd548a8a2ddd9eb/timeouts HTTP/1.1
User-Agent: selenium/4.8.2 (java windows)
Content-Length: 23
Content-Type: application/json; charset=utf-8
host: localhost:6213
accept: */*

Response DefaultHttpResponse(decodeResult: success, version: HTTP/1.1)
HTTP/1.1 200 OK
Content-Length: 14
Content-Type: application/json; charset=utf-8
cache-control: no-cache

[DEBUG] Adding key: http://localhost:6213 for channel [id: 0xf4896cd9, L:/127.0.0.1:58732 - R:localhost/127.0.0.1:6213]
[DEBUG] Using pooled Channel '[id: 0xf4896cd9, L:/127.0.0.1:58732 - R:localhost/127.0.0.1:6213]' for 'POST' to 'http://localhost:6213/session/9bd33102c2ee15f4dcd548a8a2ddd9eb/timeouts'
[DEBUG] Using open Channel [id: 0xf4896cd9, L:/127.0.0.1:58732 - R:localhost/127.0.0.1:6213] for POST '/session/9bd33102c2ee15f4dcd548a8a2ddd9eb/timeouts'
[DEBUG] 

Request DefaultHttpRequest(decodeResult: success, version: HTTP/1.1)
POST /session/9bd33102c2ee15f4dcd548a8a2ddd9eb/timeouts HTTP/1.1
User-Agent: selenium/4.8.2 (java windows)
Content-Length: 21
Content-Type: application/json; charset=utf-8
host: localhost:6213
accept: */*

Response DefaultHttpResponse(decodeResult: success, version: HTTP/1.1)
HTTP/1.1 200 OK
Content-Length: 14
Content-Type: application/json; charset=utf-8
cache-control: no-cache

[DEBUG] Adding key: http://localhost:6213 for channel [id: 0xf4896cd9, L:/127.0.0.1:58732 - R:localhost/127.0.0.1:6213]
[DEBUG] Using pooled Channel '[id: 0xf4896cd9, L:/127.0.0.1:58732 - R:localhost/127.0.0.1:6213]' for 'POST' to 'http://localhost:6213/session/9bd33102c2ee15f4dcd548a8a2ddd9eb/element'
[DEBUG] Using open Channel [id: 0xf4896cd9, L:/127.0.0.1:58732 - R:localhost/127.0.0.1:6213] for POST '/session/9bd33102c2ee15f4dcd548a8a2ddd9eb/element'
[DEBUG] 

Request DefaultHttpRequest(decodeResult: success, version: HTTP/1.1)
POST /session/9bd33102c2ee15f4dcd548a8a2ddd9eb/element HTTP/1.1
User-Agent: selenium/4.8.2 (java windows)
Content-Length: 74
Content-Type: application/json; charset=utf-8
host: localhost:6213
accept: */*

Response DefaultHttpResponse(decodeResult: success, version: HTTP/1.1)
HTTP/1.1 200 OK
Content-Length: 95
Content-Type: application/json; charset=utf-8
cache-control: no-cache

[DEBUG] Adding key: http://localhost:6213 for channel [id: 0xf4896cd9, L:/127.0.0.1:58732 - R:localhost/127.0.0.1:6213]
[DEBUG] Using pooled Channel '[id: 0xf4896cd9, L:/127.0.0.1:58732 - R:localhost/127.0.0.1:6213]' for 'POST' to 'http://localhost:6213/session/9bd33102c2ee15f4dcd548a8a2ddd9eb/element/9EBBC5F3BD6609F140917B4C849FA331_element_61/click'
[DEBUG] Using open Channel [id: 0xf4896cd9, L:/127.0.0.1:58732 - R:localhost/127.0.0.1:6213] for POST '/session/9bd33102c2ee15f4dcd548a8a2ddd9eb/element/9EBBC5F3BD6609F140917B4C849FA331_element_61/click'
[DEBUG] 

Request DefaultHttpRequest(decodeResult: success, version: HTTP/1.1)
POST /session/9bd33102c2ee15f4dcd548a8a2ddd9eb/element/9EBBC5F3BD6609F140917B4C849FA331_element_61/click HTTP/1.1
User-Agent: selenium/4.8.2 (java windows)
Content-Length: 57
Content-Type: application/json; charset=utf-8
host: localhost:6213
accept: */*

Response DefaultHttpResponse(decodeResult: success, version: HTTP/1.1)
HTTP/1.1 200 OK
Content-Length: 14
Content-Type: application/json; charset=utf-8
cache-control: no-cache

[DEBUG] Adding key: http://localhost:6213 for channel [id: 0xf4896cd9, L:/127.0.0.1:58732 - R:localhost/127.0.0.1:6213]
[DEBUG] Using pooled Channel '[id: 0xf4896cd9, L:/127.0.0.1:58732 - R:localhost/127.0.0.1:6213]' for 'POST' to 'http://localhost:6213/session/9bd33102c2ee15f4dcd548a8a2ddd9eb/element'
[DEBUG] Using open Channel [id: 0xf4896cd9, L:/127.0.0.1:58732 - R:localhost/127.0.0.1:6213] for POST '/session/9bd33102c2ee15f4dcd548a8a2ddd9eb/element'
[DEBUG] 

Request DefaultHttpRequest(decodeResult: success, version: HTTP/1.1)
POST /session/9bd33102c2ee15f4dcd548a8a2ddd9eb/element HTTP/1.1
User-Agent: selenium/4.8.2 (java windows)
Content-Length: 49
Content-Type: application/json; charset=utf-8
host: localhost:6213
accept: */*

Response DefaultHttpResponse(decodeResult: success, version: HTTP/1.1)
HTTP/1.1 200 OK
Content-Length: 95
Content-Type: application/json; charset=utf-8
cache-control: no-cache

[DEBUG] Adding key: http://localhost:6213 for channel [id: 0xf4896cd9, L:/127.0.0.1:58732 - R:localhost/127.0.0.1:6213]
[DEBUG] Using pooled Channel '[id: 0xf4896cd9, L:/127.0.0.1:58732 - R:localhost/127.0.0.1:6213]' for 'POST' to 'http://localhost:6213/session/9bd33102c2ee15f4dcd548a8a2ddd9eb/element/9EBBC5F3BD6609F140917B4C849FA331_element_62/click'
[DEBUG] Using open Channel [id: 0xf4896cd9, L:/127.0.0.1:58732 - R:localhost/127.0.0.1:6213] for POST '/session/9bd33102c2ee15f4dcd548a8a2ddd9eb/element/9EBBC5F3BD6609F140917B4C849FA331_element_62/click'
[DEBUG] Entry count for : http://localhost:58733 : 1
[DEBUG] 

Request DefaultHttpRequest(decodeResult: success, version: HTTP/1.1)
POST /session/9bd33102c2ee15f4dcd548a8a2ddd9eb/element/9EBBC5F3BD6609F140917B4C849FA331_element_62/click HTTP/1.1
User-Agent: selenium/4.8.2 (java windows)
Content-Length: 57
Content-Type: application/json; charset=utf-8
host: localhost:6213
accept: */*

Response DefaultHttpResponse(decodeResult: success, version: HTTP/1.1)
HTTP/1.1 200 OK
Content-Length: 14
Content-Type: application/json; charset=utf-8
cache-control: no-cache

[DEBUG] Adding key: http://localhost:6213 for channel [id: 0xf4896cd9, L:/127.0.0.1:58732 - R:localhost/127.0.0.1:6213]
[DEBUG] Using new Channel '[id: 0x25bdb207, L:/127.0.0.1:58760 - R:localhost/127.0.0.1:32123]' for 'POST' to '/session'
[DEBUG] Entry count for : http://localhost:58733 : 1
[DEBUG] Entry count for : http://localhost:6213 : 1
[DEBUG] 

Request DefaultHttpRequest(decodeResult: success, version: HTTP/1.1)
POST /session HTTP/1.1
User-Agent: selenium/4.8.2 (java windows)
Content-Length: 489
Content-Type: application/json; charset=utf-8
host: localhost:32123
accept: */*

Response DefaultHttpResponse(decodeResult: success, version: HTTP/1.1)
HTTP/1.1 200 OK
Content-Length: 860
Content-Type: application/json; charset=utf-8
cache-control: no-cache

[DEBUG] Adding key: http://localhost:32123 for channel [id: 0x25bdb207, L:/127.0.0.1:58760 - R:localhost/127.0.0.1:32123]
[DEBUG] Using new Channel '[id: 0xa179fc53, L:/127.0.0.1:58766 - R:localhost/127.0.0.1:58761]' for 'GET' to '/json/version'
[DEBUG] 

Request DefaultFullHttpRequest(decodeResult: success, version: HTTP/1.1, content: EmptyByteBufBE)
GET /json/version HTTP/1.1
User-Agent: selenium/4.8.2 (java windows)
host: localhost:58761
accept: */*

Response DefaultHttpResponse(decodeResult: success, version: HTTP/1.1)
HTTP/1.1 200 OK
Content-Security-Policy: frame-ancestors 'none'
Content-Length: 424
Content-Type: application/json; charset=UTF-8

[DEBUG] Adding key: http://localhost:58761 for channel [id: 0xa179fc53, L:/127.0.0.1:58766 - R:localhost/127.0.0.1:58761]
[DEBUG] Using new Channel '[id: 0x0b1abf2f, L:/127.0.0.1:58767 - R:localhost/127.0.0.1:58761]' for 'GET' to '/devtools/browser/25e81114-4f81-4e48-a408-5dd046703d9e'
[DEBUG] 

Request DefaultFullHttpRequest(decodeResult: success, version: HTTP/1.1, content: EmptyByteBufBE)
GET /devtools/browser/25e81114-4f81-4e48-a408-5dd046703d9e HTTP/1.1
upgrade: websocket
connection: upgrade
sec-websocket-key: kHpoAvhvRaRlraClsnCfUQ==
sec-websocket-version: 13
origin: http://localhost:58761
host: localhost:58761
accept: */*
user-agent: AHC/2.1

Response DefaultHttpResponse(decodeResult: success, version: HTTP/1.1)
HTTP/1.1 101 WebSocket Protocol Handshake
Upgrade: WebSocket
Connection: Upgrade
Sec-WebSocket-Accept: wwhjOJdkV3fs1V/VueYVEXFjyVk=

[DEBUG] Using pooled Channel '[id: 0x25bdb207, L:/127.0.0.1:58760 - R:localhost/127.0.0.1:32123]' for 'POST' to 'http://localhost:32123/session/20b622da6438e44803f5917c5cb4c28d/window/maximize'
[DEBUG] Using open Channel [id: 0x25bdb207, L:/127.0.0.1:58760 - R:localhost/127.0.0.1:32123] for POST '/session/20b622da6438e44803f5917c5cb4c28d/window/maximize'
[DEBUG] 

Request DefaultHttpRequest(decodeResult: success, version: HTTP/1.1)
POST /session/20b622da6438e44803f5917c5cb4c28d/window/maximize HTTP/1.1
User-Agent: selenium/4.8.2 (java windows)
Content-Length: 3
Content-Type: application/json; charset=utf-8
host: localhost:32123
accept: */*

Response DefaultHttpResponse(decodeResult: success, version: HTTP/1.1)
HTTP/1.1 200 OK
Content-Length: 51
Content-Type: application/json; charset=utf-8
cache-control: no-cache

[DEBUG] Adding key: http://localhost:32123 for channel [id: 0x25bdb207, L:/127.0.0.1:58760 - R:localhost/127.0.0.1:32123]
[DEBUG] Using pooled Channel '[id: 0x25bdb207, L:/127.0.0.1:58760 - R:localhost/127.0.0.1:32123]' for 'POST' to 'http://localhost:32123/session/20b622da6438e44803f5917c5cb4c28d/url'
[DEBUG] Using open Channel [id: 0x25bdb207, L:/127.0.0.1:58760 - R:localhost/127.0.0.1:32123] for POST '/session/20b622da6438e44803f5917c5cb4c28d/url'
[DEBUG] Entry count for : http://localhost:58761 : 1
[DEBUG] Entry count for : http://localhost:58733 : 1
[DEBUG] Entry count for : http://localhost:6213 : 1
[DEBUG] Entry count for : http://localhost:58761 : 1
[DEBUG] Entry count for : http://localhost:58733 : 1
[DEBUG] Entry count for : http://localhost:6213 : 1
[DEBUG] 

Request DefaultHttpRequest(decodeResult: success, version: HTTP/1.1)
POST /session/20b622da6438e44803f5917c5cb4c28d/url HTTP/1.1
User-Agent: selenium/4.8.2 (java windows)
Content-Length: 67
Content-Type: application/json; charset=utf-8
host: localhost:32123
accept: */*

Response DefaultHttpResponse(decodeResult: success, version: HTTP/1.1)
HTTP/1.1 200 OK
Content-Length: 14
Content-Type: application/json; charset=utf-8
cache-control: no-cache

[DEBUG] Adding key: http://localhost:32123 for channel [id: 0x25bdb207, L:/127.0.0.1:58760 - R:localhost/127.0.0.1:32123]
[DEBUG] Using pooled Channel '[id: 0x25bdb207, L:/127.0.0.1:58760 - R:localhost/127.0.0.1:32123]' for 'POST' to 'http://localhost:32123/session/20b622da6438e44803f5917c5cb4c28d/timeouts'
[DEBUG] Using open Channel [id: 0x25bdb207, L:/127.0.0.1:58760 - R:localhost/127.0.0.1:32123] for POST '/session/20b622da6438e44803f5917c5cb4c28d/timeouts'
[DEBUG] 

Request DefaultHttpRequest(decodeResult: success, version: HTTP/1.1)
POST /session/20b622da6438e44803f5917c5cb4c28d/timeouts HTTP/1.1
User-Agent: selenium/4.8.2 (java windows)
Content-Length: 23
Content-Type: application/json; charset=utf-8
host: localhost:32123
accept: */*

Response DefaultHttpResponse(decodeResult: success, version: HTTP/1.1)
HTTP/1.1 200 OK
Content-Length: 14
Content-Type: application/json; charset=utf-8
cache-control: no-cache

[DEBUG] Adding key: http://localhost:32123 for channel [id: 0x25bdb207, L:/127.0.0.1:58760 - R:localhost/127.0.0.1:32123]
[DEBUG] Using pooled Channel '[id: 0x25bdb207, L:/127.0.0.1:58760 - R:localhost/127.0.0.1:32123]' for 'POST' to 'http://localhost:32123/session/20b622da6438e44803f5917c5cb4c28d/timeouts'
[DEBUG] Using open Channel [id: 0x25bdb207, L:/127.0.0.1:58760 - R:localhost/127.0.0.1:32123] for POST '/session/20b622da6438e44803f5917c5cb4c28d/timeouts'
[DEBUG] 

Request DefaultHttpRequest(decodeResult: success, version: HTTP/1.1)
POST /session/20b622da6438e44803f5917c5cb4c28d/timeouts HTTP/1.1
User-Agent: selenium/4.8.2 (java windows)
Content-Length: 23
Content-Type: application/json; charset=utf-8
host: localhost:32123
accept: */*

Response DefaultHttpResponse(decodeResult: success, version: HTTP/1.1)
HTTP/1.1 200 OK
Content-Length: 14
Content-Type: application/json; charset=utf-8
cache-control: no-cache

[DEBUG] Adding key: http://localhost:32123 for channel [id: 0x25bdb207, L:/127.0.0.1:58760 - R:localhost/127.0.0.1:32123]
[DEBUG] Using pooled Channel '[id: 0x25bdb207, L:/127.0.0.1:58760 - R:localhost/127.0.0.1:32123]' for 'POST' to 'http://localhost:32123/session/20b622da6438e44803f5917c5cb4c28d/timeouts'
[DEBUG] Using open Channel [id: 0x25bdb207, L:/127.0.0.1:58760 - R:localhost/127.0.0.1:32123] for POST '/session/20b622da6438e44803f5917c5cb4c28d/timeouts'
[DEBUG] 

Request DefaultHttpRequest(decodeResult: success, version: HTTP/1.1)
POST /session/20b622da6438e44803f5917c5cb4c28d/timeouts HTTP/1.1
User-Agent: selenium/4.8.2 (java windows)
Content-Length: 21
Content-Type: application/json; charset=utf-8
host: localhost:32123
accept: */*

Response DefaultHttpResponse(decodeResult: success, version: HTTP/1.1)
HTTP/1.1 200 OK
Content-Length: 14
Content-Type: application/json; charset=utf-8
cache-control: no-cache

[DEBUG] Adding key: http://localhost:32123 for channel [id: 0x25bdb207, L:/127.0.0.1:58760 - R:localhost/127.0.0.1:32123]
[DEBUG] Entry count for : http://localhost:58761 : 1
[DEBUG] Entry count for : http://localhost:58733 : 1
[DEBUG] Entry count for : http://localhost:6213 : 1
[DEBUG] Entry count for : http://localhost:32123 : 1
[DEBUG] Using new Channel '[id: 0xfe7e6d61, L:/127.0.0.1:58794 - R:localhost/127.0.0.1:18133]' for 'POST' to '/session'
[DEBUG] 

Request DefaultHttpRequest(decodeResult: success, version: HTTP/1.1)
POST /session HTTP/1.1
User-Agent: selenium/4.8.2 (java windows)
Content-Length: 489
Content-Type: application/json; charset=utf-8
host: localhost:18133
accept: */*

Response DefaultHttpResponse(decodeResult: success, version: HTTP/1.1)
HTTP/1.1 200 OK
Content-Length: 859
Content-Type: application/json; charset=utf-8
cache-control: no-cache

[DEBUG] Adding key: http://localhost:18133 for channel [id: 0xfe7e6d61, L:/127.0.0.1:58794 - R:localhost/127.0.0.1:18133]
[DEBUG] Using new Channel '[id: 0x7a7bdece, L:/127.0.0.1:58800 - R:localhost/127.0.0.1:58795]' for 'GET' to '/json/version'
[DEBUG] 

Request DefaultFullHttpRequest(decodeResult: success, version: HTTP/1.1, content: EmptyByteBufBE)
GET /json/version HTTP/1.1
User-Agent: selenium/4.8.2 (java windows)
host: localhost:58795
accept: */*

Response DefaultHttpResponse(decodeResult: success, version: HTTP/1.1)
HTTP/1.1 200 OK
Content-Security-Policy: frame-ancestors 'none'
Content-Length: 424
Content-Type: application/json; charset=UTF-8

[DEBUG] Adding key: http://localhost:58795 for channel [id: 0x7a7bdece, L:/127.0.0.1:58800 - R:localhost/127.0.0.1:58795]
[DEBUG] Using new Channel '[id: 0x15b03b03, L:/127.0.0.1:58801 - R:localhost/127.0.0.1:58795]' for 'GET' to '/devtools/browser/c82fa2ec-b65b-49b5-a445-757909a6a881'
[DEBUG] 

Request DefaultFullHttpRequest(decodeResult: success, version: HTTP/1.1, content: EmptyByteBufBE)
GET /devtools/browser/c82fa2ec-b65b-49b5-a445-757909a6a881 HTTP/1.1
upgrade: websocket
connection: upgrade
sec-websocket-key: YaORufEbJK4ruWeWJY+sJw==
sec-websocket-version: 13
origin: http://localhost:58795
host: localhost:58795
accept: */*
user-agent: AHC/2.1

Response DefaultHttpResponse(decodeResult: success, version: HTTP/1.1)
HTTP/1.1 101 WebSocket Protocol Handshake
Upgrade: WebSocket
Connection: Upgrade
Sec-WebSocket-Accept: Nqj/R7j87sUD2aeTJm//HVZrEA4=

[DEBUG] Using pooled Channel '[id: 0xfe7e6d61, L:/127.0.0.1:58794 - R:localhost/127.0.0.1:18133]' for 'POST' to 'http://localhost:18133/session/24115f03451b24154823f0f838b016db/window/maximize'
[DEBUG] Using open Channel [id: 0xfe7e6d61, L:/127.0.0.1:58794 - R:localhost/127.0.0.1:18133] for POST '/session/24115f03451b24154823f0f838b016db/window/maximize'
[DEBUG] 

Request DefaultHttpRequest(decodeResult: success, version: HTTP/1.1)
POST /session/24115f03451b24154823f0f838b016db/window/maximize HTTP/1.1
User-Agent: selenium/4.8.2 (java windows)
Content-Length: 3
Content-Type: application/json; charset=utf-8
host: localhost:18133
accept: */*

Response DefaultHttpResponse(decodeResult: success, version: HTTP/1.1)
HTTP/1.1 200 OK
Content-Length: 51
Content-Type: application/json; charset=utf-8
cache-control: no-cache

[DEBUG] Adding key: http://localhost:18133 for channel [id: 0xfe7e6d61, L:/127.0.0.1:58794 - R:localhost/127.0.0.1:18133]
[DEBUG] Using pooled Channel '[id: 0xfe7e6d61, L:/127.0.0.1:58794 - R:localhost/127.0.0.1:18133]' for 'POST' to 'http://localhost:18133/session/24115f03451b24154823f0f838b016db/url'
[DEBUG] Using open Channel [id: 0xfe7e6d61, L:/127.0.0.1:58794 - R:localhost/127.0.0.1:18133] for POST '/session/24115f03451b24154823f0f838b016db/url'
[DEBUG] Entry count for : http://localhost:58795 : 1
[DEBUG] Entry count for : http://localhost:58761 : 1
[DEBUG] Entry count for : http://localhost:58733 : 1
[DEBUG] Entry count for : http://localhost:6213 : 1
[DEBUG] Entry count for : http://localhost:32123 : 1
[DEBUG] Entry count for : http://localhost:58795 : 1
[DEBUG] Entry count for : http://localhost:58761 : 1
[DEBUG] Entry count for : http://localhost:58733 : 1
[DEBUG] Entry count for : http://localhost:6213 : 1
[DEBUG] Entry count for : http://localhost:32123 : 1
[DEBUG] Entry count for : http://localhost:58795 : 1
[DEBUG] Entry count for : http://localhost:58761 : 1
[DEBUG] Entry count for : http://localhost:58733 : 1
[DEBUG] Entry count for : http://localhost:6213 : 1
[DEBUG] Entry count for : http://localhost:32123 : 1
[DEBUG] 

Request DefaultHttpRequest(decodeResult: success, version: HTTP/1.1)
POST /session/24115f03451b24154823f0f838b016db/url HTTP/1.1
User-Agent: selenium/4.8.2 (java windows)
Content-Length: 67
Content-Type: application/json; charset=utf-8
host: localhost:18133
accept: */*

Response DefaultHttpResponse(decodeResult: success, version: HTTP/1.1)
HTTP/1.1 200 OK
Content-Length: 14
Content-Type: application/json; charset=utf-8
cache-control: no-cache

[DEBUG] Adding key: http://localhost:18133 for channel [id: 0xfe7e6d61, L:/127.0.0.1:58794 - R:localhost/127.0.0.1:18133]
[DEBUG] Using pooled Channel '[id: 0xfe7e6d61, L:/127.0.0.1:58794 - R:localhost/127.0.0.1:18133]' for 'POST' to 'http://localhost:18133/session/24115f03451b24154823f0f838b016db/timeouts'
[DEBUG] Using open Channel [id: 0xfe7e6d61, L:/127.0.0.1:58794 - R:localhost/127.0.0.1:18133] for POST '/session/24115f03451b24154823f0f838b016db/timeouts'
[DEBUG] 

Request DefaultHttpRequest(decodeResult: success, version: HTTP/1.1)
POST /session/24115f03451b24154823f0f838b016db/timeouts HTTP/1.1
User-Agent: selenium/4.8.2 (java windows)
Content-Length: 23
Content-Type: application/json; charset=utf-8
host: localhost:18133
accept: */*

Response DefaultHttpResponse(decodeResult: success, version: HTTP/1.1)
HTTP/1.1 200 OK
Content-Length: 14
Content-Type: application/json; charset=utf-8
cache-control: no-cache

[DEBUG] Adding key: http://localhost:18133 for channel [id: 0xfe7e6d61, L:/127.0.0.1:58794 - R:localhost/127.0.0.1:18133]
[DEBUG] Using pooled Channel '[id: 0xfe7e6d61, L:/127.0.0.1:58794 - R:localhost/127.0.0.1:18133]' for 'POST' to 'http://localhost:18133/session/24115f03451b24154823f0f838b016db/timeouts'
[DEBUG] Using open Channel [id: 0xfe7e6d61, L:/127.0.0.1:58794 - R:localhost/127.0.0.1:18133] for POST '/session/24115f03451b24154823f0f838b016db/timeouts'
[DEBUG] 

Request DefaultHttpRequest(decodeResult: success, version: HTTP/1.1)
POST /session/24115f03451b24154823f0f838b016db/timeouts HTTP/1.1
User-Agent: selenium/4.8.2 (java windows)
Content-Length: 23
Content-Type: application/json; charset=utf-8
host: localhost:18133
accept: */*

Response DefaultHttpResponse(decodeResult: success, version: HTTP/1.1)
HTTP/1.1 200 OK
Content-Length: 14
Content-Type: application/json; charset=utf-8
cache-control: no-cache

[DEBUG] Adding key: http://localhost:18133 for channel [id: 0xfe7e6d61, L:/127.0.0.1:58794 - R:localhost/127.0.0.1:18133]
[DEBUG] Using pooled Channel '[id: 0xfe7e6d61, L:/127.0.0.1:58794 - R:localhost/127.0.0.1:18133]' for 'POST' to 'http://localhost:18133/session/24115f03451b24154823f0f838b016db/timeouts'
[DEBUG] Using open Channel [id: 0xfe7e6d61, L:/127.0.0.1:58794 - R:localhost/127.0.0.1:18133] for POST '/session/24115f03451b24154823f0f838b016db/timeouts'
[DEBUG] 

Request DefaultHttpRequest(decodeResult: success, version: HTTP/1.1)
POST /session/24115f03451b24154823f0f838b016db/timeouts HTTP/1.1
User-Agent: selenium/4.8.2 (java windows)
Content-Length: 21
Content-Type: application/json; charset=utf-8
host: localhost:18133
accept: */*

Response DefaultHttpResponse(decodeResult: success, version: HTTP/1.1)
HTTP/1.1 200 OK
Content-Length: 14
Content-Type: application/json; charset=utf-8
cache-control: no-cache

[DEBUG] Adding key: http://localhost:18133 for channel [id: 0xfe7e6d61, L:/127.0.0.1:58794 - R:localhost/127.0.0.1:18133]
[DEBUG] Using pooled Channel '[id: 0xfe7e6d61, L:/127.0.0.1:58794 - R:localhost/127.0.0.1:18133]' for 'POST' to 'http://localhost:18133/session/24115f03451b24154823f0f838b016db/element'
[DEBUG] Using open Channel [id: 0xfe7e6d61, L:/127.0.0.1:58794 - R:localhost/127.0.0.1:18133] for POST '/session/24115f03451b24154823f0f838b016db/element'
[DEBUG] 

Request DefaultHttpRequest(decodeResult: success, version: HTTP/1.1)
POST /session/24115f03451b24154823f0f838b016db/element HTTP/1.1
User-Agent: selenium/4.8.2 (java windows)
Content-Length: 74
Content-Type: application/json; charset=utf-8
host: localhost:18133
accept: */*

Response DefaultHttpResponse(decodeResult: success, version: HTTP/1.1)
HTTP/1.1 200 OK
Content-Length: 95
Content-Type: application/json; charset=utf-8
cache-control: no-cache

[DEBUG] Adding key: http://localhost:18133 for channel [id: 0xfe7e6d61, L:/127.0.0.1:58794 - R:localhost/127.0.0.1:18133]
[DEBUG] Using pooled Channel '[id: 0xfe7e6d61, L:/127.0.0.1:58794 - R:localhost/127.0.0.1:18133]' for 'POST' to 'http://localhost:18133/session/24115f03451b24154823f0f838b016db/element/618626B54E426FFBB355AD9110E0201F_element_61/click'
[DEBUG] Using open Channel [id: 0xfe7e6d61, L:/127.0.0.1:58794 - R:localhost/127.0.0.1:18133] for POST '/session/24115f03451b24154823f0f838b016db/element/618626B54E426FFBB355AD9110E0201F_element_61/click'
[DEBUG] 

Request DefaultHttpRequest(decodeResult: success, version: HTTP/1.1)
POST /session/24115f03451b24154823f0f838b016db/element/618626B54E426FFBB355AD9110E0201F_element_61/click HTTP/1.1
User-Agent: selenium/4.8.2 (java windows)
Content-Length: 57
Content-Type: application/json; charset=utf-8
host: localhost:18133
accept: */*

Response DefaultHttpResponse(decodeResult: success, version: HTTP/1.1)
HTTP/1.1 200 OK
Content-Length: 14
Content-Type: application/json; charset=utf-8
cache-control: no-cache

[DEBUG] Adding key: http://localhost:18133 for channel [id: 0xfe7e6d61, L:/127.0.0.1:58794 - R:localhost/127.0.0.1:18133]
[DEBUG] Using pooled Channel '[id: 0xfe7e6d61, L:/127.0.0.1:58794 - R:localhost/127.0.0.1:18133]' for 'POST' to 'http://localhost:18133/session/24115f03451b24154823f0f838b016db/element'
[DEBUG] Using open Channel [id: 0xfe7e6d61, L:/127.0.0.1:58794 - R:localhost/127.0.0.1:18133] for POST '/session/24115f03451b24154823f0f838b016db/element'
[DEBUG] 

Request DefaultHttpRequest(decodeResult: success, version: HTTP/1.1)
POST /session/24115f03451b24154823f0f838b016db/element HTTP/1.1
User-Agent: selenium/4.8.2 (java windows)
Content-Length: 46
Content-Type: application/json; charset=utf-8
host: localhost:18133
accept: */*

Response DefaultHttpResponse(decodeResult: success, version: HTTP/1.1)
HTTP/1.1 200 OK
Content-Length: 95
Content-Type: application/json; charset=utf-8
cache-control: no-cache

[DEBUG] Adding key: http://localhost:18133 for channel [id: 0xfe7e6d61, L:/127.0.0.1:58794 - R:localhost/127.0.0.1:18133]
[DEBUG] Using pooled Channel '[id: 0xfe7e6d61, L:/127.0.0.1:58794 - R:localhost/127.0.0.1:18133]' for 'POST' to 'http://localhost:18133/session/24115f03451b24154823f0f838b016db/element/618626B54E426FFBB355AD9110E0201F_element_62/click'
[DEBUG] Using open Channel [id: 0xfe7e6d61, L:/127.0.0.1:58794 - R:localhost/127.0.0.1:18133] for POST '/session/24115f03451b24154823f0f838b016db/element/618626B54E426FFBB355AD9110E0201F_element_62/click'
[DEBUG] 

Request DefaultHttpRequest(decodeResult: success, version: HTTP/1.1)
POST /session/24115f03451b24154823f0f838b016db/element/618626B54E426FFBB355AD9110E0201F_element_62/click HTTP/1.1
User-Agent: selenium/4.8.2 (java windows)
Content-Length: 57
Content-Type: application/json; charset=utf-8
host: localhost:18133
accept: */*

Response DefaultHttpResponse(decodeResult: success, version: HTTP/1.1)
HTTP/1.1 200 OK
Content-Length: 14
Content-Type: application/json; charset=utf-8
cache-control: no-cache

[DEBUG] Adding key: http://localhost:18133 for channel [id: 0xfe7e6d61, L:/127.0.0.1:58794 - R:localhost/127.0.0.1:18133]
[DEBUG] Using new Channel '[id: 0x588af421, L:/127.0.0.1:58829 - R:localhost/127.0.0.1:17743]' for 'POST' to '/session'
[DEBUG] Entry count for : http://localhost:58795 : 1
[DEBUG] Entry count for : http://localhost:58761 : 1
[DEBUG] Entry count for : http://localhost:58733 : 1
[DEBUG] Entry count for : http://localhost:18133 : 1
[DEBUG] Entry count for : http://localhost:6213 : 1
[DEBUG] Entry count for : http://localhost:32123 : 1
[DEBUG] 

Request DefaultHttpRequest(decodeResult: success, version: HTTP/1.1)
POST /session HTTP/1.1
User-Agent: selenium/4.8.2 (java windows)
Content-Length: 489
Content-Type: application/json; charset=utf-8
host: localhost:17743
accept: */*

Response DefaultHttpResponse(decodeResult: success, version: HTTP/1.1)
HTTP/1.1 200 OK
Content-Length: 859
Content-Type: application/json; charset=utf-8
cache-control: no-cache

[DEBUG] Adding key: http://localhost:17743 for channel [id: 0x588af421, L:/127.0.0.1:58829 - R:localhost/127.0.0.1:17743]
[DEBUG] Using new Channel '[id: 0xcbe45407, L:/127.0.0.1:58835 - R:localhost/127.0.0.1:58830]' for 'GET' to '/json/version'
[DEBUG] 

Request DefaultFullHttpRequest(decodeResult: success, version: HTTP/1.1, content: EmptyByteBufBE)
GET /json/version HTTP/1.1
User-Agent: selenium/4.8.2 (java windows)
host: localhost:58830
accept: */*

Response DefaultHttpResponse(decodeResult: success, version: HTTP/1.1)
HTTP/1.1 200 OK
Content-Security-Policy: frame-ancestors 'none'
Content-Length: 424
Content-Type: application/json; charset=UTF-8

[DEBUG] Adding key: http://localhost:58830 for channel [id: 0xcbe45407, L:/127.0.0.1:58835 - R:localhost/127.0.0.1:58830]
[DEBUG] Using new Channel '[id: 0xeb9435ac, L:/127.0.0.1:58836 - R:localhost/127.0.0.1:58830]' for 'GET' to '/devtools/browser/3df55037-e117-43cb-9cac-e62c654cd9d0'
[DEBUG] 

Request DefaultFullHttpRequest(decodeResult: success, version: HTTP/1.1, content: EmptyByteBufBE)
GET /devtools/browser/3df55037-e117-43cb-9cac-e62c654cd9d0 HTTP/1.1
upgrade: websocket
connection: upgrade
sec-websocket-key: RtIjr15MPOnwaN68U3Znpw==
sec-websocket-version: 13
origin: http://localhost:58830
host: localhost:58830
accept: */*
user-agent: AHC/2.1

Response DefaultHttpResponse(decodeResult: success, version: HTTP/1.1)
HTTP/1.1 101 WebSocket Protocol Handshake
Upgrade: WebSocket
Connection: Upgrade
Sec-WebSocket-Accept: xDID/2by3oxHkYgVzCrk8rMgFqI=

[DEBUG] Using pooled Channel '[id: 0x588af421, L:/127.0.0.1:58829 - R:localhost/127.0.0.1:17743]' for 'POST' to 'http://localhost:17743/session/1ea7a75bb65e8a23ec23720bc8182c9e/window/maximize'
[DEBUG] Using open Channel [id: 0x588af421, L:/127.0.0.1:58829 - R:localhost/127.0.0.1:17743] for POST '/session/1ea7a75bb65e8a23ec23720bc8182c9e/window/maximize'
[DEBUG] 

Request DefaultHttpRequest(decodeResult: success, version: HTTP/1.1)
POST /session/1ea7a75bb65e8a23ec23720bc8182c9e/window/maximize HTTP/1.1
User-Agent: selenium/4.8.2 (java windows)
Content-Length: 3
Content-Type: application/json; charset=utf-8
host: localhost:17743
accept: */*

Response DefaultHttpResponse(decodeResult: success, version: HTTP/1.1)
HTTP/1.1 200 OK
Content-Length: 51
Content-Type: application/json; charset=utf-8
cache-control: no-cache

[DEBUG] Adding key: http://localhost:17743 for channel [id: 0x588af421, L:/127.0.0.1:58829 - R:localhost/127.0.0.1:17743]
[DEBUG] Using pooled Channel '[id: 0x588af421, L:/127.0.0.1:58829 - R:localhost/127.0.0.1:17743]' for 'POST' to 'http://localhost:17743/session/1ea7a75bb65e8a23ec23720bc8182c9e/url'
[DEBUG] Using open Channel [id: 0x588af421, L:/127.0.0.1:58829 - R:localhost/127.0.0.1:17743] for POST '/session/1ea7a75bb65e8a23ec23720bc8182c9e/url'
[DEBUG] Entry count for : http://localhost:58795 : 1
[DEBUG] Entry count for : http://localhost:58761 : 1
[DEBUG] Entry count for : http://localhost:58733 : 1
[DEBUG] Entry count for : http://localhost:18133 : 1
[DEBUG] Entry count for : http://localhost:58830 : 1
[DEBUG] Entry count for : http://localhost:6213 : 1
[DEBUG] Entry count for : http://localhost:32123 : 1
[DEBUG] Entry count for : http://localhost:58795 : 1
[DEBUG] Entry count for : http://localhost:58761 : 1
[DEBUG] Entry count for : http://localhost:58733 : 1
[DEBUG] Entry count for : http://localhost:18133 : 1
[DEBUG] Entry count for : http://localhost:58830 : 1
[DEBUG] Entry count for : http://localhost:6213 : 1
[DEBUG] Entry count for : http://localhost:32123 : 1
[DEBUG] Entry count for : http://localhost:58795 : 1
[DEBUG] Entry count for : http://localhost:58761 : 1
[DEBUG] Entry count for : http://localhost:58733 : 1
[DEBUG] Entry count for : http://localhost:18133 : 1
[DEBUG] Entry count for : http://localhost:58830 : 1
[DEBUG] Entry count for : http://localhost:6213 : 1
[DEBUG] Entry count for : http://localhost:32123 : 1
[DEBUG] Entry count for : http://localhost:58795 : 1
[DEBUG] Entry count for : http://localhost:58761 : 1
[DEBUG] Entry count for : http://localhost:58733 : 1
[DEBUG] Entry count for : http://localhost:18133 : 1
[DEBUG] Entry count for : http://localhost:58830 : 1
[DEBUG] Entry count for : http://localhost:6213 : 1
[DEBUG] Entry count for : http://localhost:32123 : 1
[DEBUG] Entry count for : http://localhost:58795 : 1
[DEBUG] Entry count for : http://localhost:58761 : 1
[DEBUG] Entry count for : http://localhost:58733 : 1
[DEBUG] Entry count for : http://localhost:18133 : 1
[DEBUG] Entry count for : http://localhost:58830 : 1
[DEBUG] Entry count for : http://localhost:6213 : 1
[DEBUG] Entry count for : http://localhost:32123 : 1
[DEBUG] Entry count for : http://localhost:58795 : 1
[DEBUG] Entry count for : http://localhost:58761 : 1
[DEBUG] Entry count for : http://localhost:58733 : 1
[DEBUG] Entry count for : http://localhost:18133 : 1
[DEBUG] Entry count for : http://localhost:58830 : 1
[DEBUG] Entry count for : http://localhost:6213 : 1
[DEBUG] Entry count for : http://localhost:32123 : 1
[DEBUG] Entry count for : http://localhost:58795 : 1
[DEBUG] Entry count for : http://localhost:58761 : 1
[DEBUG] Entry count for : http://localhost:58733 : 1
[DEBUG] Entry count for : http://localhost:18133 : 1
[DEBUG] Entry count for : http://localhost:58830 : 1
[DEBUG] Entry count for : http://localhost:6213 : 1
[DEBUG] Entry count for : http://localhost:32123 : 1
[DEBUG] 

Request DefaultHttpRequest(decodeResult: success, version: HTTP/1.1)
POST /session/1ea7a75bb65e8a23ec23720bc8182c9e/url HTTP/1.1
User-Agent: selenium/4.8.2 (java windows)
Content-Length: 67
Content-Type: application/json; charset=utf-8
host: localhost:17743
accept: */*

Response DefaultHttpResponse(decodeResult: success, version: HTTP/1.1)
HTTP/1.1 200 OK
Content-Length: 14
Content-Type: application/json; charset=utf-8
cache-control: no-cache

[DEBUG] Adding key: http://localhost:17743 for channel [id: 0x588af421, L:/127.0.0.1:58829 - R:localhost/127.0.0.1:17743]
[DEBUG] Using pooled Channel '[id: 0x588af421, L:/127.0.0.1:58829 - R:localhost/127.0.0.1:17743]' for 'POST' to 'http://localhost:17743/session/1ea7a75bb65e8a23ec23720bc8182c9e/timeouts'
[DEBUG] Using open Channel [id: 0x588af421, L:/127.0.0.1:58829 - R:localhost/127.0.0.1:17743] for POST '/session/1ea7a75bb65e8a23ec23720bc8182c9e/timeouts'
[DEBUG] 

Request DefaultHttpRequest(decodeResult: success, version: HTTP/1.1)
POST /session/1ea7a75bb65e8a23ec23720bc8182c9e/timeouts HTTP/1.1
User-Agent: selenium/4.8.2 (java windows)
Content-Length: 23
Content-Type: application/json; charset=utf-8
host: localhost:17743
accept: */*

Response DefaultHttpResponse(decodeResult: success, version: HTTP/1.1)
HTTP/1.1 200 OK
Content-Length: 14
Content-Type: application/json; charset=utf-8
cache-control: no-cache

[DEBUG] Adding key: http://localhost:17743 for channel [id: 0x588af421, L:/127.0.0.1:58829 - R:localhost/127.0.0.1:17743]
[DEBUG] Using pooled Channel '[id: 0x588af421, L:/127.0.0.1:58829 - R:localhost/127.0.0.1:17743]' for 'POST' to 'http://localhost:17743/session/1ea7a75bb65e8a23ec23720bc8182c9e/timeouts'
[DEBUG] Using open Channel [id: 0x588af421, L:/127.0.0.1:58829 - R:localhost/127.0.0.1:17743] for POST '/session/1ea7a75bb65e8a23ec23720bc8182c9e/timeouts'
[DEBUG] 

Request DefaultHttpRequest(decodeResult: success, version: HTTP/1.1)
POST /session/1ea7a75bb65e8a23ec23720bc8182c9e/timeouts HTTP/1.1
User-Agent: selenium/4.8.2 (java windows)
Content-Length: 23
Content-Type: application/json; charset=utf-8
host: localhost:17743
accept: */*

Response DefaultHttpResponse(decodeResult: success, version: HTTP/1.1)
HTTP/1.1 200 OK
Content-Length: 14
Content-Type: application/json; charset=utf-8
cache-control: no-cache

[DEBUG] Adding key: http://localhost:17743 for channel [id: 0x588af421, L:/127.0.0.1:58829 - R:localhost/127.0.0.1:17743]
[DEBUG] Using pooled Channel '[id: 0x588af421, L:/127.0.0.1:58829 - R:localhost/127.0.0.1:17743]' for 'POST' to 'http://localhost:17743/session/1ea7a75bb65e8a23ec23720bc8182c9e/timeouts'
[DEBUG] Using open Channel [id: 0x588af421, L:/127.0.0.1:58829 - R:localhost/127.0.0.1:17743] for POST '/session/1ea7a75bb65e8a23ec23720bc8182c9e/timeouts'
[DEBUG] 

Request DefaultHttpRequest(decodeResult: success, version: HTTP/1.1)
POST /session/1ea7a75bb65e8a23ec23720bc8182c9e/timeouts HTTP/1.1
User-Agent: selenium/4.8.2 (java windows)
Content-Length: 21
Content-Type: application/json; charset=utf-8
host: localhost:17743
accept: */*

Response DefaultHttpResponse(decodeResult: success, version: HTTP/1.1)
HTTP/1.1 200 OK
Content-Length: 14
Content-Type: application/json; charset=utf-8
cache-control: no-cache

[DEBUG] Adding key: http://localhost:17743 for channel [id: 0x588af421, L:/127.0.0.1:58829 - R:localhost/127.0.0.1:17743]
[DEBUG] Entry count for : http://localhost:58795 : 1
[DEBUG] Entry count for : http://localhost:58761 : 1
[DEBUG] Entry count for : http://localhost:58733 : 1
[DEBUG] Entry count for : http://localhost:18133 : 1
[DEBUG] Entry count for : http://localhost:58830 : 1
[DEBUG] Entry count for : http://localhost:6213 : 1
[DEBUG] Entry count for : http://localhost:17743 : 1
[DEBUG] Entry count for : http://localhost:32123 : 1
[DEBUG] Using pooled Channel '[id: 0x25bdb207, L:/127.0.0.1:58760 - R:localhost/127.0.0.1:32123]' for 'GET' to 'http://localhost:32123/session/20b622da6438e44803f5917c5cb4c28d/title'
[DEBUG] Using open Channel [id: 0x25bdb207, L:/127.0.0.1:58760 - R:localhost/127.0.0.1:32123] for GET '/session/20b622da6438e44803f5917c5cb4c28d/title'
[DEBUG] 

Request DefaultFullHttpRequest(decodeResult: success, version: HTTP/1.1, content: EmptyByteBufBE)
GET /session/20b622da6438e44803f5917c5cb4c28d/title HTTP/1.1
User-Agent: selenium/4.8.2 (java windows)
Cache-Control: no-cache
Content-Type: application/json; charset=utf-8
host: localhost:32123
accept: */*

Response DefaultHttpResponse(decodeResult: success, version: HTTP/1.1)
HTTP/1.1 200 OK
Content-Length: 22
Content-Type: application/json; charset=utf-8
cache-control: no-cache

[DEBUG] Adding key: http://localhost:32123 for channel [id: 0x25bdb207, L:/127.0.0.1:58760 - R:localhost/127.0.0.1:32123]
Your Store
[DEBUG] Using pooled Channel '[id: 0x25bdb207, L:/127.0.0.1:58760 - R:localhost/127.0.0.1:32123]' for 'GET' to 'http://localhost:32123/session/20b622da6438e44803f5917c5cb4c28d/url'
[DEBUG] Using open Channel [id: 0x25bdb207, L:/127.0.0.1:58760 - R:localhost/127.0.0.1:32123] for GET '/session/20b622da6438e44803f5917c5cb4c28d/url'
[DEBUG] 

Request DefaultFullHttpRequest(decodeResult: success, version: HTTP/1.1, content: EmptyByteBufBE)
GET /session/20b622da6438e44803f5917c5cb4c28d/url HTTP/1.1
User-Agent: selenium/4.8.2 (java windows)
Cache-Control: no-cache
Content-Type: application/json; charset=utf-8
host: localhost:32123
accept: */*

Response DefaultHttpResponse(decodeResult: success, version: HTTP/1.1)
HTTP/1.1 200 OK
Content-Length: 44
Content-Type: application/json; charset=utf-8
cache-control: no-cache

[DEBUG] Adding key: http://localhost:32123 for channel [id: 0x25bdb207, L:/127.0.0.1:58760 - R:localhost/127.0.0.1:32123]
https://tutorialsninja.com/demo/
[DEBUG] Using pooled Channel '[id: 0x25bdb207, L:/127.0.0.1:58760 - R:localhost/127.0.0.1:32123]' for 'GET' to 'http://localhost:32123/session/20b622da6438e44803f5917c5cb4c28d/title'
[DEBUG] Using open Channel [id: 0x25bdb207, L:/127.0.0.1:58760 - R:localhost/127.0.0.1:32123] for GET '/session/20b622da6438e44803f5917c5cb4c28d/title'
[DEBUG] 

Request DefaultFullHttpRequest(decodeResult: success, version: HTTP/1.1, content: EmptyByteBufBE)
GET /session/20b622da6438e44803f5917c5cb4c28d/title HTTP/1.1
User-Agent: selenium/4.8.2 (java windows)
Cache-Control: no-cache
Content-Type: application/json; charset=utf-8
host: localhost:32123
accept: */*

Response DefaultHttpResponse(decodeResult: success, version: HTTP/1.1)
HTTP/1.1 200 OK
Content-Length: 22
Content-Type: application/json; charset=utf-8
cache-control: no-cache

[DEBUG] Adding key: http://localhost:32123 for channel [id: 0x25bdb207, L:/127.0.0.1:58760 - R:localhost/127.0.0.1:32123]
[DEBUG] Using pooled Channel '[id: 0x25bdb207, L:/127.0.0.1:58760 - R:localhost/127.0.0.1:32123]' for 'GET' to 'http://localhost:32123/session/20b622da6438e44803f5917c5cb4c28d/url'
[DEBUG] Using open Channel [id: 0x25bdb207, L:/127.0.0.1:58760 - R:localhost/127.0.0.1:32123] for GET '/session/20b622da6438e44803f5917c5cb4c28d/url'
[DEBUG] 

Request DefaultFullHttpRequest(decodeResult: success, version: HTTP/1.1, content: EmptyByteBufBE)
GET /session/20b622da6438e44803f5917c5cb4c28d/url HTTP/1.1
User-Agent: selenium/4.8.2 (java windows)
Cache-Control: no-cache
Content-Type: application/json; charset=utf-8
host: localhost:32123
accept: */*

Response DefaultHttpResponse(decodeResult: success, version: HTTP/1.1)
HTTP/1.1 200 OK
Content-Length: 44
Content-Type: application/json; charset=utf-8
cache-control: no-cache

[DEBUG] Adding key: http://localhost:32123 for channel [id: 0x25bdb207, L:/127.0.0.1:58760 - R:localhost/127.0.0.1:32123]
Webpage is functional and valid
]]></system-out>
    <system-err><![CDATA[Starting ChromeDriver 113.0.5672.63 (0e1a4471d5ae5bf128b1bd8f4d627c8cbd55f70c-refs/branch-heads/5672@{#912}) on port 6213
Only local connections are allowed.
Please see https://chromedriver.chromium.org/security-considerations for suggestions on keeping ChromeDriver safe.
ChromeDriver was started successfully.
May 26, 2023 4:34:34 PM org.openqa.selenium.devtools.CdpVersionFinder findNearestMatch
WARNING: Unable to find an exact match for CDP version 113, so returning the closest version found: 111
Starting ChromeDriver 113.0.5672.63 (0e1a4471d5ae5bf128b1bd8f4d627c8cbd55f70c-refs/branch-heads/5672@{#912}) on port 32123
Only local connections are allowed.
Please see https://chromedriver.chromium.org/security-considerations for suggestions on keeping ChromeDriver safe.
ChromeDriver was started successfully.
May 26, 2023 4:34:38 PM org.openqa.selenium.devtools.CdpVersionFinder findNearestMatch
WARNING: Unable to find an exact match for CDP version 113, so returning the closest version found: 111
Starting ChromeDriver 113.0.5672.63 (0e1a4471d5ae5bf128b1bd8f4d627c8cbd55f70c-refs/branch-heads/5672@{#912}) on port 18133
Only local connections are allowed.
Please see https://chromedriver.chromium.org/security-considerations for suggestions on keeping ChromeDriver safe.
ChromeDriver was started successfully.
May 26, 2023 4:34:42 PM org.openqa.selenium.devtools.CdpVersionFinder findNearestMatch
WARNING: Unable to find an exact match for CDP version 113, so returning the closest version found: 111
Starting ChromeDriver 113.0.5672.63 (0e1a4471d5ae5bf128b1bd8f4d627c8cbd55f70c-refs/branch-heads/5672@{#912}) on port 17743
Only local connections are allowed.
Please see https://chromedriver.chromium.org/security-considerations for suggestions on keeping ChromeDriver safe.
ChromeDriver was started successfully.
May 26, 2023 4:34:46 PM org.openqa.selenium.devtools.CdpVersionFinder findNearestMatch
WARNING: Unable to find an exact match for CDP version 113, so returning the closest version found: 111
]]></system-err>
  </testcase>
  <testcase name="loginWithInvalidCredentials" classname="com.qa.ninja.testcases.Ninja_LoginPageTest" time="0.907">
    <system-out><![CDATA[[DEBUG] Using pooled Channel '[id: 0xfe7e6d61, L:/127.0.0.1:58794 - R:localhost/127.0.0.1:18133]' for 'POST' to 'http://localhost:18133/session/24115f03451b24154823f0f838b016db/element'
[DEBUG] Using open Channel [id: 0xfe7e6d61, L:/127.0.0.1:58794 - R:localhost/127.0.0.1:18133] for POST '/session/24115f03451b24154823f0f838b016db/element'
[DEBUG] 

Request DefaultHttpRequest(decodeResult: success, version: HTTP/1.1)
POST /session/24115f03451b24154823f0f838b016db/element HTTP/1.1
User-Agent: selenium/4.8.2 (java windows)
Content-Length: 59
Content-Type: application/json; charset=utf-8
host: localhost:18133
accept: */*

Response DefaultHttpResponse(decodeResult: success, version: HTTP/1.1)
HTTP/1.1 200 OK
Content-Length: 95
Content-Type: application/json; charset=utf-8
cache-control: no-cache

[DEBUG] Adding key: http://localhost:18133 for channel [id: 0xfe7e6d61, L:/127.0.0.1:58794 - R:localhost/127.0.0.1:18133]
[DEBUG] Using pooled Channel '[id: 0xfe7e6d61, L:/127.0.0.1:58794 - R:localhost/127.0.0.1:18133]' for 'POST' to 'http://localhost:18133/session/24115f03451b24154823f0f838b016db/element/8473914C1F457A7AE008869BC93107BC_element_67/value'
[DEBUG] Using open Channel [id: 0xfe7e6d61, L:/127.0.0.1:58794 - R:localhost/127.0.0.1:18133] for POST '/session/24115f03451b24154823f0f838b016db/element/8473914C1F457A7AE008869BC93107BC_element_67/value'
[DEBUG] 

Request DefaultHttpRequest(decodeResult: success, version: HTTP/1.1)
POST /session/24115f03451b24154823f0f838b016db/element/8473914C1F457A7AE008869BC93107BC_element_67/value HTTP/1.1
User-Agent: selenium/4.8.2 (java windows)
Content-Length: 858
Content-Type: application/json; charset=utf-8
host: localhost:18133
accept: */*

Response DefaultHttpResponse(decodeResult: success, version: HTTP/1.1)
HTTP/1.1 200 OK
Content-Length: 14
Content-Type: application/json; charset=utf-8
cache-control: no-cache

[DEBUG] Adding key: http://localhost:18133 for channel [id: 0xfe7e6d61, L:/127.0.0.1:58794 - R:localhost/127.0.0.1:18133]
[DEBUG] Using pooled Channel '[id: 0xfe7e6d61, L:/127.0.0.1:58794 - R:localhost/127.0.0.1:18133]' for 'POST' to 'http://localhost:18133/session/24115f03451b24154823f0f838b016db/element'
[DEBUG] Using open Channel [id: 0xfe7e6d61, L:/127.0.0.1:58794 - R:localhost/127.0.0.1:18133] for POST '/session/24115f03451b24154823f0f838b016db/element'
[DEBUG] 

Request DefaultHttpRequest(decodeResult: success, version: HTTP/1.1)
POST /session/24115f03451b24154823f0f838b016db/element HTTP/1.1
User-Agent: selenium/4.8.2 (java windows)
Content-Length: 62
Content-Type: application/json; charset=utf-8
host: localhost:18133
accept: */*

Response DefaultHttpResponse(decodeResult: success, version: HTTP/1.1)
HTTP/1.1 200 OK
Content-Length: 95
Content-Type: application/json; charset=utf-8
cache-control: no-cache

[DEBUG] Adding key: http://localhost:18133 for channel [id: 0xfe7e6d61, L:/127.0.0.1:58794 - R:localhost/127.0.0.1:18133]
[DEBUG] Using pooled Channel '[id: 0xfe7e6d61, L:/127.0.0.1:58794 - R:localhost/127.0.0.1:18133]' for 'POST' to 'http://localhost:18133/session/24115f03451b24154823f0f838b016db/element/8473914C1F457A7AE008869BC93107BC_element_63/value'
[DEBUG] Using open Channel [id: 0xfe7e6d61, L:/127.0.0.1:58794 - R:localhost/127.0.0.1:18133] for POST '/session/24115f03451b24154823f0f838b016db/element/8473914C1F457A7AE008869BC93107BC_element_63/value'
[DEBUG] 

Request DefaultHttpRequest(decodeResult: success, version: HTTP/1.1)
POST /session/24115f03451b24154823f0f838b016db/element/8473914C1F457A7AE008869BC93107BC_element_63/value HTTP/1.1
User-Agent: selenium/4.8.2 (java windows)
Content-Length: 768
Content-Type: application/json; charset=utf-8
host: localhost:18133
accept: */*

Response DefaultHttpResponse(decodeResult: success, version: HTTP/1.1)
HTTP/1.1 200 OK
Content-Length: 14
Content-Type: application/json; charset=utf-8
cache-control: no-cache

[DEBUG] Adding key: http://localhost:18133 for channel [id: 0xfe7e6d61, L:/127.0.0.1:58794 - R:localhost/127.0.0.1:18133]
[DEBUG] Using pooled Channel '[id: 0xfe7e6d61, L:/127.0.0.1:58794 - R:localhost/127.0.0.1:18133]' for 'POST' to 'http://localhost:18133/session/24115f03451b24154823f0f838b016db/element'
[DEBUG] Using open Channel [id: 0xfe7e6d61, L:/127.0.0.1:58794 - R:localhost/127.0.0.1:18133] for POST '/session/24115f03451b24154823f0f838b016db/element'
[DEBUG] 

Request DefaultHttpRequest(decodeResult: success, version: HTTP/1.1)
POST /session/24115f03451b24154823f0f838b016db/element HTTP/1.1
User-Agent: selenium/4.8.2 (java windows)
Content-Length: 65
Content-Type: application/json; charset=utf-8
host: localhost:18133
accept: */*

Response DefaultHttpResponse(decodeResult: success, version: HTTP/1.1)
HTTP/1.1 200 OK
Content-Length: 95
Content-Type: application/json; charset=utf-8
cache-control: no-cache

[DEBUG] Adding key: http://localhost:18133 for channel [id: 0xfe7e6d61, L:/127.0.0.1:58794 - R:localhost/127.0.0.1:18133]
[DEBUG] Using pooled Channel '[id: 0xfe7e6d61, L:/127.0.0.1:58794 - R:localhost/127.0.0.1:18133]' for 'POST' to 'http://localhost:18133/session/24115f03451b24154823f0f838b016db/element/8473914C1F457A7AE008869BC93107BC_element_68/click'
[DEBUG] Using open Channel [id: 0xfe7e6d61, L:/127.0.0.1:58794 - R:localhost/127.0.0.1:18133] for POST '/session/24115f03451b24154823f0f838b016db/element/8473914C1F457A7AE008869BC93107BC_element_68/click'
[DEBUG] 

Request DefaultHttpRequest(decodeResult: success, version: HTTP/1.1)
POST /session/24115f03451b24154823f0f838b016db/element/8473914C1F457A7AE008869BC93107BC_element_68/click HTTP/1.1
User-Agent: selenium/4.8.2 (java windows)
Content-Length: 57
Content-Type: application/json; charset=utf-8
host: localhost:18133
accept: */*

Response DefaultHttpResponse(decodeResult: success, version: HTTP/1.1)
HTTP/1.1 200 OK
Content-Length: 14
Content-Type: application/json; charset=utf-8
cache-control: no-cache

[DEBUG] Adding key: http://localhost:18133 for channel [id: 0xfe7e6d61, L:/127.0.0.1:58794 - R:localhost/127.0.0.1:18133]
[DEBUG] Using pooled Channel '[id: 0xfe7e6d61, L:/127.0.0.1:58794 - R:localhost/127.0.0.1:18133]' for 'POST' to 'http://localhost:18133/session/24115f03451b24154823f0f838b016db/element'
[DEBUG] Using open Channel [id: 0xfe7e6d61, L:/127.0.0.1:58794 - R:localhost/127.0.0.1:18133] for POST '/session/24115f03451b24154823f0f838b016db/element'
[DEBUG] 

Request DefaultHttpRequest(decodeResult: success, version: HTTP/1.1)
POST /session/24115f03451b24154823f0f838b016db/element HTTP/1.1
User-Agent: selenium/4.8.2 (java windows)
Content-Length: 84
Content-Type: application/json; charset=utf-8
host: localhost:18133
accept: */*

Response DefaultHttpResponse(decodeResult: success, version: HTTP/1.1)
HTTP/1.1 200 OK
Content-Length: 95
Content-Type: application/json; charset=utf-8
cache-control: no-cache

[DEBUG] Adding key: http://localhost:18133 for channel [id: 0xfe7e6d61, L:/127.0.0.1:58794 - R:localhost/127.0.0.1:18133]
[DEBUG] Using pooled Channel '[id: 0xfe7e6d61, L:/127.0.0.1:58794 - R:localhost/127.0.0.1:18133]' for 'POST' to 'http://localhost:18133/session/24115f03451b24154823f0f838b016db/execute/sync'
[DEBUG] Using open Channel [id: 0xfe7e6d61, L:/127.0.0.1:58794 - R:localhost/127.0.0.1:18133] for POST '/session/24115f03451b24154823f0f838b016db/execute/sync'
[DEBUG] 

Request DefaultHttpRequest(decodeResult: success, version: HTTP/1.1)
POST /session/24115f03451b24154823f0f838b016db/execute/sync HTTP/1.1
User-Agent: selenium/4.8.2 (java windows)
Content-Length: 48814
Content-Type: application/json; charset=utf-8
host: localhost:18133
accept: */*

Response DefaultHttpResponse(decodeResult: success, version: HTTP/1.1)
HTTP/1.1 200 OK
Content-Length: 14
Content-Type: application/json; charset=utf-8
cache-control: no-cache

[DEBUG] Adding key: http://localhost:18133 for channel [id: 0xfe7e6d61, L:/127.0.0.1:58794 - R:localhost/127.0.0.1:18133]
[DEBUG] Using pooled Channel '[id: 0xfe7e6d61, L:/127.0.0.1:58794 - R:localhost/127.0.0.1:18133]' for 'POST' to 'http://localhost:18133/session/24115f03451b24154823f0f838b016db/element'
[DEBUG] Using open Channel [id: 0xfe7e6d61, L:/127.0.0.1:58794 - R:localhost/127.0.0.1:18133] for POST '/session/24115f03451b24154823f0f838b016db/element'
[DEBUG] 

Request DefaultHttpRequest(decodeResult: success, version: HTTP/1.1)
POST /session/24115f03451b24154823f0f838b016db/element HTTP/1.1
User-Agent: selenium/4.8.2 (java windows)
Content-Length: 84
Content-Type: application/json; charset=utf-8
host: localhost:18133
accept: */*

Response DefaultHttpResponse(decodeResult: success, version: HTTP/1.1)
HTTP/1.1 200 OK
Content-Length: 95
Content-Type: application/json; charset=utf-8
cache-control: no-cache

[DEBUG] Adding key: http://localhost:18133 for channel [id: 0xfe7e6d61, L:/127.0.0.1:58794 - R:localhost/127.0.0.1:18133]
[DEBUG] Using pooled Channel '[id: 0xfe7e6d61, L:/127.0.0.1:58794 - R:localhost/127.0.0.1:18133]' for 'POST' to 'http://localhost:18133/session/24115f03451b24154823f0f838b016db/execute/sync'
[DEBUG] Using open Channel [id: 0xfe7e6d61, L:/127.0.0.1:58794 - R:localhost/127.0.0.1:18133] for POST '/session/24115f03451b24154823f0f838b016db/execute/sync'
[DEBUG] 

Request DefaultHttpRequest(decodeResult: success, version: HTTP/1.1)
POST /session/24115f03451b24154823f0f838b016db/execute/sync HTTP/1.1
User-Agent: selenium/4.8.2 (java windows)
Content-Length: 48814
Content-Type: application/json; charset=utf-8
host: localhost:18133
accept: */*

Response DefaultHttpResponse(decodeResult: success, version: HTTP/1.1)
HTTP/1.1 200 OK
Content-Length: 14
Content-Type: application/json; charset=utf-8
cache-control: no-cache

[DEBUG] Adding key: http://localhost:18133 for channel [id: 0xfe7e6d61, L:/127.0.0.1:58794 - R:localhost/127.0.0.1:18133]
]]></system-out>
  </testcase>
  <testcase name="registrationWithNoDetails" classname="com.qa.ninja.testcases.Ninja_CreateAnAccountTests" time="0.742">
    <system-out><![CDATA[[DEBUG] Using pooled Channel '[id: 0xf4896cd9, L:/127.0.0.1:58732 - R:localhost/127.0.0.1:6213]' for 'POST' to 'http://localhost:6213/session/9bd33102c2ee15f4dcd548a8a2ddd9eb/element'
[DEBUG] Using open Channel [id: 0xf4896cd9, L:/127.0.0.1:58732 - R:localhost/127.0.0.1:6213] for POST '/session/9bd33102c2ee15f4dcd548a8a2ddd9eb/element'
[DEBUG] 

Request DefaultHttpRequest(decodeResult: success, version: HTTP/1.1)
POST /session/9bd33102c2ee15f4dcd548a8a2ddd9eb/element HTTP/1.1
User-Agent: selenium/4.8.2 (java windows)
Content-Length: 65
Content-Type: application/json; charset=utf-8
host: localhost:6213
accept: */*

Response DefaultHttpResponse(decodeResult: success, version: HTTP/1.1)
HTTP/1.1 200 OK
Content-Length: 95
Content-Type: application/json; charset=utf-8
cache-control: no-cache

[DEBUG] Adding key: http://localhost:6213 for channel [id: 0xf4896cd9, L:/127.0.0.1:58732 - R:localhost/127.0.0.1:6213]
[DEBUG] Using pooled Channel '[id: 0xf4896cd9, L:/127.0.0.1:58732 - R:localhost/127.0.0.1:6213]' for 'POST' to 'http://localhost:6213/session/9bd33102c2ee15f4dcd548a8a2ddd9eb/element/1C7F47C9CC0AE78015F3A583635673ED_element_68/click'
[DEBUG] Using open Channel [id: 0xf4896cd9, L:/127.0.0.1:58732 - R:localhost/127.0.0.1:6213] for POST '/session/9bd33102c2ee15f4dcd548a8a2ddd9eb/element/1C7F47C9CC0AE78015F3A583635673ED_element_68/click'
[DEBUG] Entry count for : http://localhost:58795 : 1
[DEBUG] Entry count for : http://localhost:58761 : 1
[DEBUG] Entry count for : http://localhost:58733 : 1
[DEBUG] Entry count for : http://localhost:18133 : 1
[DEBUG] Entry count for : http://localhost:58830 : 1
[DEBUG] Entry count for : http://localhost:17743 : 1
[DEBUG] Entry count for : http://localhost:32123 : 1
[DEBUG] 

Request DefaultHttpRequest(decodeResult: success, version: HTTP/1.1)
POST /session/9bd33102c2ee15f4dcd548a8a2ddd9eb/element/1C7F47C9CC0AE78015F3A583635673ED_element_68/click HTTP/1.1
User-Agent: selenium/4.8.2 (java windows)
Content-Length: 57
Content-Type: application/json; charset=utf-8
host: localhost:6213
accept: */*

Response DefaultHttpResponse(decodeResult: success, version: HTTP/1.1)
HTTP/1.1 200 OK
Content-Length: 14
Content-Type: application/json; charset=utf-8
cache-control: no-cache

[DEBUG] Adding key: http://localhost:6213 for channel [id: 0xf4896cd9, L:/127.0.0.1:58732 - R:localhost/127.0.0.1:6213]
[DEBUG] Using pooled Channel '[id: 0xf4896cd9, L:/127.0.0.1:58732 - R:localhost/127.0.0.1:6213]' for 'POST' to 'http://localhost:6213/session/9bd33102c2ee15f4dcd548a8a2ddd9eb/element'
[DEBUG] Using open Channel [id: 0xf4896cd9, L:/127.0.0.1:58732 - R:localhost/127.0.0.1:6213] for POST '/session/9bd33102c2ee15f4dcd548a8a2ddd9eb/element'
[DEBUG] 

Request DefaultHttpRequest(decodeResult: success, version: HTTP/1.1)
POST /session/9bd33102c2ee15f4dcd548a8a2ddd9eb/element HTTP/1.1
User-Agent: selenium/4.8.2 (java windows)
Content-Length: 84
Content-Type: application/json; charset=utf-8
host: localhost:6213
accept: */*

Response DefaultHttpResponse(decodeResult: success, version: HTTP/1.1)
HTTP/1.1 200 OK
Content-Length: 95
Content-Type: application/json; charset=utf-8
cache-control: no-cache

[DEBUG] Adding key: http://localhost:6213 for channel [id: 0xf4896cd9, L:/127.0.0.1:58732 - R:localhost/127.0.0.1:6213]
[DEBUG] Using pooled Channel '[id: 0xf4896cd9, L:/127.0.0.1:58732 - R:localhost/127.0.0.1:6213]' for 'GET' to 'http://localhost:6213/session/9bd33102c2ee15f4dcd548a8a2ddd9eb/element/6BFCD955FD2C9132F760BA924B5F9DA6_element_74/text'
[DEBUG] Using open Channel [id: 0xf4896cd9, L:/127.0.0.1:58732 - R:localhost/127.0.0.1:6213] for GET '/session/9bd33102c2ee15f4dcd548a8a2ddd9eb/element/6BFCD955FD2C9132F760BA924B5F9DA6_element_74/text'
[DEBUG] 

Request DefaultFullHttpRequest(decodeResult: success, version: HTTP/1.1, content: EmptyByteBufBE)
GET /session/9bd33102c2ee15f4dcd548a8a2ddd9eb/element/6BFCD955FD2C9132F760BA924B5F9DA6_element_74/text HTTP/1.1
User-Agent: selenium/4.8.2 (java windows)
Cache-Control: no-cache
Content-Type: application/json; charset=utf-8
host: localhost:6213
accept: */*

Response DefaultHttpResponse(decodeResult: success, version: HTTP/1.1)
HTTP/1.1 200 OK
Content-Length: 58
Content-Type: application/json; charset=utf-8
cache-control: no-cache

[DEBUG] Adding key: http://localhost:6213 for channel [id: 0xf4896cd9, L:/127.0.0.1:58732 - R:localhost/127.0.0.1:6213]
[DEBUG] Using pooled Channel '[id: 0xf4896cd9, L:/127.0.0.1:58732 - R:localhost/127.0.0.1:6213]' for 'POST' to 'http://localhost:6213/session/9bd33102c2ee15f4dcd548a8a2ddd9eb/element'
[DEBUG] Using open Channel [id: 0xf4896cd9, L:/127.0.0.1:58732 - R:localhost/127.0.0.1:6213] for POST '/session/9bd33102c2ee15f4dcd548a8a2ddd9eb/element'
[DEBUG] 

Request DefaultHttpRequest(decodeResult: success, version: HTTP/1.1)
POST /session/9bd33102c2ee15f4dcd548a8a2ddd9eb/element HTTP/1.1
User-Agent: selenium/4.8.2 (java windows)
Content-Length: 84
Content-Type: application/json; charset=utf-8
host: localhost:6213
accept: */*

Response DefaultHttpResponse(decodeResult: success, version: HTTP/1.1)
HTTP/1.1 200 OK
Content-Length: 95
Content-Type: application/json; charset=utf-8
cache-control: no-cache

[DEBUG] Adding key: http://localhost:6213 for channel [id: 0xf4896cd9, L:/127.0.0.1:58732 - R:localhost/127.0.0.1:6213]
[DEBUG] Using pooled Channel '[id: 0xf4896cd9, L:/127.0.0.1:58732 - R:localhost/127.0.0.1:6213]' for 'GET' to 'http://localhost:6213/session/9bd33102c2ee15f4dcd548a8a2ddd9eb/element/6BFCD955FD2C9132F760BA924B5F9DA6_element_74/text'
[DEBUG] Using open Channel [id: 0xf4896cd9, L:/127.0.0.1:58732 - R:localhost/127.0.0.1:6213] for GET '/session/9bd33102c2ee15f4dcd548a8a2ddd9eb/element/6BFCD955FD2C9132F760BA924B5F9DA6_element_74/text'
[DEBUG] 

Request DefaultFullHttpRequest(decodeResult: success, version: HTTP/1.1, content: EmptyByteBufBE)
GET /session/9bd33102c2ee15f4dcd548a8a2ddd9eb/element/6BFCD955FD2C9132F760BA924B5F9DA6_element_74/text HTTP/1.1
User-Agent: selenium/4.8.2 (java windows)
Cache-Control: no-cache
Content-Type: application/json; charset=utf-8
host: localhost:6213
accept: */*

Response DefaultHttpResponse(decodeResult: success, version: HTTP/1.1)
HTTP/1.1 200 OK
Content-Length: 58
Content-Type: application/json; charset=utf-8
cache-control: no-cache

[DEBUG] Adding key: http://localhost:6213 for channel [id: 0xf4896cd9, L:/127.0.0.1:58732 - R:localhost/127.0.0.1:6213]
[DEBUG] Using pooled Channel '[id: 0xf4896cd9, L:/127.0.0.1:58732 - R:localhost/127.0.0.1:6213]' for 'POST' to 'http://localhost:6213/session/9bd33102c2ee15f4dcd548a8a2ddd9eb/element'
[DEBUG] Using open Channel [id: 0xf4896cd9, L:/127.0.0.1:58732 - R:localhost/127.0.0.1:6213] for POST '/session/9bd33102c2ee15f4dcd548a8a2ddd9eb/element'
[DEBUG] 

Request DefaultHttpRequest(decodeResult: success, version: HTTP/1.1)
POST /session/9bd33102c2ee15f4dcd548a8a2ddd9eb/element HTTP/1.1
User-Agent: selenium/4.8.2 (java windows)
Content-Length: 69
Content-Type: application/json; charset=utf-8
host: localhost:6213
accept: */*

Response DefaultHttpResponse(decodeResult: success, version: HTTP/1.1)
HTTP/1.1 200 OK
Content-Length: 95
Content-Type: application/json; charset=utf-8
cache-control: no-cache

[DEBUG] Adding key: http://localhost:6213 for channel [id: 0xf4896cd9, L:/127.0.0.1:58732 - R:localhost/127.0.0.1:6213]
[DEBUG] Using pooled Channel '[id: 0xf4896cd9, L:/127.0.0.1:58732 - R:localhost/127.0.0.1:6213]' for 'POST' to 'http://localhost:6213/session/9bd33102c2ee15f4dcd548a8a2ddd9eb/execute/sync'
[DEBUG] Using open Channel [id: 0xf4896cd9, L:/127.0.0.1:58732 - R:localhost/127.0.0.1:6213] for POST '/session/9bd33102c2ee15f4dcd548a8a2ddd9eb/execute/sync'
[DEBUG] 

Request DefaultHttpRequest(decodeResult: success, version: HTTP/1.1)
POST /session/9bd33102c2ee15f4dcd548a8a2ddd9eb/execute/sync HTTP/1.1
User-Agent: selenium/4.8.2 (java windows)
Content-Length: 48814
Content-Type: application/json; charset=utf-8
host: localhost:6213
accept: */*

Response DefaultHttpResponse(decodeResult: success, version: HTTP/1.1)
HTTP/1.1 200 OK
Content-Length: 14
Content-Type: application/json; charset=utf-8
cache-control: no-cache

[DEBUG] Adding key: http://localhost:6213 for channel [id: 0xf4896cd9, L:/127.0.0.1:58732 - R:localhost/127.0.0.1:6213]
[DEBUG] Using pooled Channel '[id: 0xf4896cd9, L:/127.0.0.1:58732 - R:localhost/127.0.0.1:6213]' for 'POST' to 'http://localhost:6213/session/9bd33102c2ee15f4dcd548a8a2ddd9eb/element'
[DEBUG] Using open Channel [id: 0xf4896cd9, L:/127.0.0.1:58732 - R:localhost/127.0.0.1:6213] for POST '/session/9bd33102c2ee15f4dcd548a8a2ddd9eb/element'
[DEBUG] 

Request DefaultHttpRequest(decodeResult: success, version: HTTP/1.1)
POST /session/9bd33102c2ee15f4dcd548a8a2ddd9eb/element HTTP/1.1
User-Agent: selenium/4.8.2 (java windows)
Content-Length: 69
Content-Type: application/json; charset=utf-8
host: localhost:6213
accept: */*

Response DefaultHttpResponse(decodeResult: success, version: HTTP/1.1)
HTTP/1.1 200 OK
Content-Length: 95
Content-Type: application/json; charset=utf-8
cache-control: no-cache

[DEBUG] Adding key: http://localhost:6213 for channel [id: 0xf4896cd9, L:/127.0.0.1:58732 - R:localhost/127.0.0.1:6213]
[DEBUG] Using pooled Channel '[id: 0xf4896cd9, L:/127.0.0.1:58732 - R:localhost/127.0.0.1:6213]' for 'POST' to 'http://localhost:6213/session/9bd33102c2ee15f4dcd548a8a2ddd9eb/execute/sync'
[DEBUG] Using open Channel [id: 0xf4896cd9, L:/127.0.0.1:58732 - R:localhost/127.0.0.1:6213] for POST '/session/9bd33102c2ee15f4dcd548a8a2ddd9eb/execute/sync'
[DEBUG] 

Request DefaultHttpRequest(decodeResult: success, version: HTTP/1.1)
POST /session/9bd33102c2ee15f4dcd548a8a2ddd9eb/execute/sync HTTP/1.1
User-Agent: selenium/4.8.2 (java windows)
Content-Length: 48814
Content-Type: application/json; charset=utf-8
host: localhost:6213
accept: */*

Response DefaultHttpResponse(decodeResult: success, version: HTTP/1.1)
HTTP/1.1 200 OK
Content-Length: 14
Content-Type: application/json; charset=utf-8
cache-control: no-cache

[DEBUG] Adding key: http://localhost:6213 for channel [id: 0xf4896cd9, L:/127.0.0.1:58732 - R:localhost/127.0.0.1:6213]
[DEBUG] Using pooled Channel '[id: 0xf4896cd9, L:/127.0.0.1:58732 - R:localhost/127.0.0.1:6213]' for 'POST' to 'http://localhost:6213/session/9bd33102c2ee15f4dcd548a8a2ddd9eb/element'
[DEBUG] Using open Channel [id: 0xf4896cd9, L:/127.0.0.1:58732 - R:localhost/127.0.0.1:6213] for POST '/session/9bd33102c2ee15f4dcd548a8a2ddd9eb/element'
[DEBUG] 

Request DefaultHttpRequest(decodeResult: success, version: HTTP/1.1)
POST /session/9bd33102c2ee15f4dcd548a8a2ddd9eb/element HTTP/1.1
User-Agent: selenium/4.8.2 (java windows)
Content-Length: 68
Content-Type: application/json; charset=utf-8
host: localhost:6213
accept: */*

Response DefaultHttpResponse(decodeResult: success, version: HTTP/1.1)
HTTP/1.1 200 OK
Content-Length: 95
Content-Type: application/json; charset=utf-8
cache-control: no-cache

[DEBUG] Adding key: http://localhost:6213 for channel [id: 0xf4896cd9, L:/127.0.0.1:58732 - R:localhost/127.0.0.1:6213]
[DEBUG] Using pooled Channel '[id: 0xf4896cd9, L:/127.0.0.1:58732 - R:localhost/127.0.0.1:6213]' for 'POST' to 'http://localhost:6213/session/9bd33102c2ee15f4dcd548a8a2ddd9eb/execute/sync'
[DEBUG] Using open Channel [id: 0xf4896cd9, L:/127.0.0.1:58732 - R:localhost/127.0.0.1:6213] for POST '/session/9bd33102c2ee15f4dcd548a8a2ddd9eb/execute/sync'
[DEBUG] 

Request DefaultHttpRequest(decodeResult: success, version: HTTP/1.1)
POST /session/9bd33102c2ee15f4dcd548a8a2ddd9eb/execute/sync HTTP/1.1
User-Agent: selenium/4.8.2 (java windows)
Content-Length: 48814
Content-Type: application/json; charset=utf-8
host: localhost:6213
accept: */*

Response DefaultHttpResponse(decodeResult: success, version: HTTP/1.1)
HTTP/1.1 200 OK
Content-Length: 14
Content-Type: application/json; charset=utf-8
cache-control: no-cache

[DEBUG] Adding key: http://localhost:6213 for channel [id: 0xf4896cd9, L:/127.0.0.1:58732 - R:localhost/127.0.0.1:6213]
[DEBUG] Using pooled Channel '[id: 0xf4896cd9, L:/127.0.0.1:58732 - R:localhost/127.0.0.1:6213]' for 'POST' to 'http://localhost:6213/session/9bd33102c2ee15f4dcd548a8a2ddd9eb/element'
[DEBUG] Using open Channel [id: 0xf4896cd9, L:/127.0.0.1:58732 - R:localhost/127.0.0.1:6213] for POST '/session/9bd33102c2ee15f4dcd548a8a2ddd9eb/element'
[DEBUG] 

Request DefaultHttpRequest(decodeResult: success, version: HTTP/1.1)
POST /session/9bd33102c2ee15f4dcd548a8a2ddd9eb/element HTTP/1.1
User-Agent: selenium/4.8.2 (java windows)
Content-Length: 68
Content-Type: application/json; charset=utf-8
host: localhost:6213
accept: */*

Response DefaultHttpResponse(decodeResult: success, version: HTTP/1.1)
HTTP/1.1 200 OK
Content-Length: 95
Content-Type: application/json; charset=utf-8
cache-control: no-cache

[DEBUG] Adding key: http://localhost:6213 for channel [id: 0xf4896cd9, L:/127.0.0.1:58732 - R:localhost/127.0.0.1:6213]
[DEBUG] Using pooled Channel '[id: 0xf4896cd9, L:/127.0.0.1:58732 - R:localhost/127.0.0.1:6213]' for 'POST' to 'http://localhost:6213/session/9bd33102c2ee15f4dcd548a8a2ddd9eb/execute/sync'
[DEBUG] Using open Channel [id: 0xf4896cd9, L:/127.0.0.1:58732 - R:localhost/127.0.0.1:6213] for POST '/session/9bd33102c2ee15f4dcd548a8a2ddd9eb/execute/sync'
[DEBUG] 

Request DefaultHttpRequest(decodeResult: success, version: HTTP/1.1)
POST /session/9bd33102c2ee15f4dcd548a8a2ddd9eb/execute/sync HTTP/1.1
User-Agent: selenium/4.8.2 (java windows)
Content-Length: 48814
Content-Type: application/json; charset=utf-8
host: localhost:6213
accept: */*

Response DefaultHttpResponse(decodeResult: success, version: HTTP/1.1)
HTTP/1.1 200 OK
Content-Length: 14
Content-Type: application/json; charset=utf-8
cache-control: no-cache

[DEBUG] Adding key: http://localhost:6213 for channel [id: 0xf4896cd9, L:/127.0.0.1:58732 - R:localhost/127.0.0.1:6213]
[DEBUG] Using pooled Channel '[id: 0xf4896cd9, L:/127.0.0.1:58732 - R:localhost/127.0.0.1:6213]' for 'POST' to 'http://localhost:6213/session/9bd33102c2ee15f4dcd548a8a2ddd9eb/element'
[DEBUG] Using open Channel [id: 0xf4896cd9, L:/127.0.0.1:58732 - R:localhost/127.0.0.1:6213] for POST '/session/9bd33102c2ee15f4dcd548a8a2ddd9eb/element'
[DEBUG] 

Request DefaultHttpRequest(decodeResult: success, version: HTTP/1.1)
POST /session/9bd33102c2ee15f4dcd548a8a2ddd9eb/element HTTP/1.1
User-Agent: selenium/4.8.2 (java windows)
Content-Length: 65
Content-Type: application/json; charset=utf-8
host: localhost:6213
accept: */*

Response DefaultHttpResponse(decodeResult: success, version: HTTP/1.1)
HTTP/1.1 200 OK
Content-Length: 95
Content-Type: application/json; charset=utf-8
cache-control: no-cache

[DEBUG] Adding key: http://localhost:6213 for channel [id: 0xf4896cd9, L:/127.0.0.1:58732 - R:localhost/127.0.0.1:6213]
[DEBUG] Using pooled Channel '[id: 0xf4896cd9, L:/127.0.0.1:58732 - R:localhost/127.0.0.1:6213]' for 'POST' to 'http://localhost:6213/session/9bd33102c2ee15f4dcd548a8a2ddd9eb/execute/sync'
[DEBUG] Using open Channel [id: 0xf4896cd9, L:/127.0.0.1:58732 - R:localhost/127.0.0.1:6213] for POST '/session/9bd33102c2ee15f4dcd548a8a2ddd9eb/execute/sync'
[DEBUG] 

Request DefaultHttpRequest(decodeResult: success, version: HTTP/1.1)
POST /session/9bd33102c2ee15f4dcd548a8a2ddd9eb/execute/sync HTTP/1.1
User-Agent: selenium/4.8.2 (java windows)
Content-Length: 48814
Content-Type: application/json; charset=utf-8
host: localhost:6213
accept: */*

Response DefaultHttpResponse(decodeResult: success, version: HTTP/1.1)
HTTP/1.1 200 OK
Content-Length: 14
Content-Type: application/json; charset=utf-8
cache-control: no-cache

[DEBUG] Adding key: http://localhost:6213 for channel [id: 0xf4896cd9, L:/127.0.0.1:58732 - R:localhost/127.0.0.1:6213]
[DEBUG] Using pooled Channel '[id: 0xf4896cd9, L:/127.0.0.1:58732 - R:localhost/127.0.0.1:6213]' for 'POST' to 'http://localhost:6213/session/9bd33102c2ee15f4dcd548a8a2ddd9eb/element'
[DEBUG] Using open Channel [id: 0xf4896cd9, L:/127.0.0.1:58732 - R:localhost/127.0.0.1:6213] for POST '/session/9bd33102c2ee15f4dcd548a8a2ddd9eb/element'
[DEBUG] 

Request DefaultHttpRequest(decodeResult: success, version: HTTP/1.1)
POST /session/9bd33102c2ee15f4dcd548a8a2ddd9eb/element HTTP/1.1
User-Agent: selenium/4.8.2 (java windows)
Content-Length: 65
Content-Type: application/json; charset=utf-8
host: localhost:6213
accept: */*

Response DefaultHttpResponse(decodeResult: success, version: HTTP/1.1)
HTTP/1.1 200 OK
Content-Length: 95
Content-Type: application/json; charset=utf-8
cache-control: no-cache

[DEBUG] Adding key: http://localhost:6213 for channel [id: 0xf4896cd9, L:/127.0.0.1:58732 - R:localhost/127.0.0.1:6213]
[DEBUG] Using pooled Channel '[id: 0xf4896cd9, L:/127.0.0.1:58732 - R:localhost/127.0.0.1:6213]' for 'POST' to 'http://localhost:6213/session/9bd33102c2ee15f4dcd548a8a2ddd9eb/execute/sync'
[DEBUG] Using open Channel [id: 0xf4896cd9, L:/127.0.0.1:58732 - R:localhost/127.0.0.1:6213] for POST '/session/9bd33102c2ee15f4dcd548a8a2ddd9eb/execute/sync'
[DEBUG] 

Request DefaultHttpRequest(decodeResult: success, version: HTTP/1.1)
POST /session/9bd33102c2ee15f4dcd548a8a2ddd9eb/execute/sync HTTP/1.1
User-Agent: selenium/4.8.2 (java windows)
Content-Length: 48814
Content-Type: application/json; charset=utf-8
host: localhost:6213
accept: */*

Response DefaultHttpResponse(decodeResult: success, version: HTTP/1.1)
HTTP/1.1 200 OK
Content-Length: 14
Content-Type: application/json; charset=utf-8
cache-control: no-cache

[DEBUG] Adding key: http://localhost:6213 for channel [id: 0xf4896cd9, L:/127.0.0.1:58732 - R:localhost/127.0.0.1:6213]
[DEBUG] Using pooled Channel '[id: 0xf4896cd9, L:/127.0.0.1:58732 - R:localhost/127.0.0.1:6213]' for 'POST' to 'http://localhost:6213/session/9bd33102c2ee15f4dcd548a8a2ddd9eb/element'
[DEBUG] Using open Channel [id: 0xf4896cd9, L:/127.0.0.1:58732 - R:localhost/127.0.0.1:6213] for POST '/session/9bd33102c2ee15f4dcd548a8a2ddd9eb/element'
[DEBUG] 

Request DefaultHttpRequest(decodeResult: success, version: HTTP/1.1)
POST /session/9bd33102c2ee15f4dcd548a8a2ddd9eb/element HTTP/1.1
User-Agent: selenium/4.8.2 (java windows)
Content-Length: 69
Content-Type: application/json; charset=utf-8
host: localhost:6213
accept: */*

Response DefaultHttpResponse(decodeResult: success, version: HTTP/1.1)
HTTP/1.1 200 OK
Content-Length: 95
Content-Type: application/json; charset=utf-8
cache-control: no-cache

[DEBUG] Adding key: http://localhost:6213 for channel [id: 0xf4896cd9, L:/127.0.0.1:58732 - R:localhost/127.0.0.1:6213]
[DEBUG] Using pooled Channel '[id: 0xf4896cd9, L:/127.0.0.1:58732 - R:localhost/127.0.0.1:6213]' for 'POST' to 'http://localhost:6213/session/9bd33102c2ee15f4dcd548a8a2ddd9eb/execute/sync'
[DEBUG] Using open Channel [id: 0xf4896cd9, L:/127.0.0.1:58732 - R:localhost/127.0.0.1:6213] for POST '/session/9bd33102c2ee15f4dcd548a8a2ddd9eb/execute/sync'
[DEBUG] 

Request DefaultHttpRequest(decodeResult: success, version: HTTP/1.1)
POST /session/9bd33102c2ee15f4dcd548a8a2ddd9eb/execute/sync HTTP/1.1
User-Agent: selenium/4.8.2 (java windows)
Content-Length: 48814
Content-Type: application/json; charset=utf-8
host: localhost:6213
accept: */*

Response DefaultHttpResponse(decodeResult: success, version: HTTP/1.1)
HTTP/1.1 200 OK
Content-Length: 14
Content-Type: application/json; charset=utf-8
cache-control: no-cache

[DEBUG] Adding key: http://localhost:6213 for channel [id: 0xf4896cd9, L:/127.0.0.1:58732 - R:localhost/127.0.0.1:6213]
[DEBUG] Using pooled Channel '[id: 0xf4896cd9, L:/127.0.0.1:58732 - R:localhost/127.0.0.1:6213]' for 'POST' to 'http://localhost:6213/session/9bd33102c2ee15f4dcd548a8a2ddd9eb/element'
[DEBUG] Using open Channel [id: 0xf4896cd9, L:/127.0.0.1:58732 - R:localhost/127.0.0.1:6213] for POST '/session/9bd33102c2ee15f4dcd548a8a2ddd9eb/element'
[DEBUG] 

Request DefaultHttpRequest(decodeResult: success, version: HTTP/1.1)
POST /session/9bd33102c2ee15f4dcd548a8a2ddd9eb/element HTTP/1.1
User-Agent: selenium/4.8.2 (java windows)
Content-Length: 69
Content-Type: application/json; charset=utf-8
host: localhost:6213
accept: */*

Response DefaultHttpResponse(decodeResult: success, version: HTTP/1.1)
HTTP/1.1 200 OK
Content-Length: 95
Content-Type: application/json; charset=utf-8
cache-control: no-cache

[DEBUG] Adding key: http://localhost:6213 for channel [id: 0xf4896cd9, L:/127.0.0.1:58732 - R:localhost/127.0.0.1:6213]
[DEBUG] Using pooled Channel '[id: 0xf4896cd9, L:/127.0.0.1:58732 - R:localhost/127.0.0.1:6213]' for 'POST' to 'http://localhost:6213/session/9bd33102c2ee15f4dcd548a8a2ddd9eb/execute/sync'
[DEBUG] Using open Channel [id: 0xf4896cd9, L:/127.0.0.1:58732 - R:localhost/127.0.0.1:6213] for POST '/session/9bd33102c2ee15f4dcd548a8a2ddd9eb/execute/sync'
[DEBUG] 

Request DefaultHttpRequest(decodeResult: success, version: HTTP/1.1)
POST /session/9bd33102c2ee15f4dcd548a8a2ddd9eb/execute/sync HTTP/1.1
User-Agent: selenium/4.8.2 (java windows)
Content-Length: 48814
Content-Type: application/json; charset=utf-8
host: localhost:6213
accept: */*

Response DefaultHttpResponse(decodeResult: success, version: HTTP/1.1)
HTTP/1.1 200 OK
Content-Length: 14
Content-Type: application/json; charset=utf-8
cache-control: no-cache

[DEBUG] Adding key: http://localhost:6213 for channel [id: 0xf4896cd9, L:/127.0.0.1:58732 - R:localhost/127.0.0.1:6213]
[DEBUG] Using pooled Channel '[id: 0xf4896cd9, L:/127.0.0.1:58732 - R:localhost/127.0.0.1:6213]' for 'POST' to 'http://localhost:6213/session/9bd33102c2ee15f4dcd548a8a2ddd9eb/element'
[DEBUG] Using open Channel [id: 0xf4896cd9, L:/127.0.0.1:58732 - R:localhost/127.0.0.1:6213] for POST '/session/9bd33102c2ee15f4dcd548a8a2ddd9eb/element'
[DEBUG] 

Request DefaultHttpRequest(decodeResult: success, version: HTTP/1.1)
POST /session/9bd33102c2ee15f4dcd548a8a2ddd9eb/element HTTP/1.1
User-Agent: selenium/4.8.2 (java windows)
Content-Length: 68
Content-Type: application/json; charset=utf-8
host: localhost:6213
accept: */*

Response DefaultHttpResponse(decodeResult: success, version: HTTP/1.1)
HTTP/1.1 200 OK
Content-Length: 95
Content-Type: application/json; charset=utf-8
cache-control: no-cache

[DEBUG] Adding key: http://localhost:6213 for channel [id: 0xf4896cd9, L:/127.0.0.1:58732 - R:localhost/127.0.0.1:6213]
[DEBUG] Using pooled Channel '[id: 0xf4896cd9, L:/127.0.0.1:58732 - R:localhost/127.0.0.1:6213]' for 'POST' to 'http://localhost:6213/session/9bd33102c2ee15f4dcd548a8a2ddd9eb/execute/sync'
[DEBUG] Using open Channel [id: 0xf4896cd9, L:/127.0.0.1:58732 - R:localhost/127.0.0.1:6213] for POST '/session/9bd33102c2ee15f4dcd548a8a2ddd9eb/execute/sync'
[DEBUG] 

Request DefaultHttpRequest(decodeResult: success, version: HTTP/1.1)
POST /session/9bd33102c2ee15f4dcd548a8a2ddd9eb/execute/sync HTTP/1.1
User-Agent: selenium/4.8.2 (java windows)
Content-Length: 48814
Content-Type: application/json; charset=utf-8
host: localhost:6213
accept: */*

Response DefaultHttpResponse(decodeResult: success, version: HTTP/1.1)
HTTP/1.1 200 OK
Content-Length: 14
Content-Type: application/json; charset=utf-8
cache-control: no-cache

[DEBUG] Adding key: http://localhost:6213 for channel [id: 0xf4896cd9, L:/127.0.0.1:58732 - R:localhost/127.0.0.1:6213]
[DEBUG] Using pooled Channel '[id: 0xf4896cd9, L:/127.0.0.1:58732 - R:localhost/127.0.0.1:6213]' for 'POST' to 'http://localhost:6213/session/9bd33102c2ee15f4dcd548a8a2ddd9eb/element'
[DEBUG] Using open Channel [id: 0xf4896cd9, L:/127.0.0.1:58732 - R:localhost/127.0.0.1:6213] for POST '/session/9bd33102c2ee15f4dcd548a8a2ddd9eb/element'
[DEBUG] 

Request DefaultHttpRequest(decodeResult: success, version: HTTP/1.1)
POST /session/9bd33102c2ee15f4dcd548a8a2ddd9eb/element HTTP/1.1
User-Agent: selenium/4.8.2 (java windows)
Content-Length: 68
Content-Type: application/json; charset=utf-8
host: localhost:6213
accept: */*

Response DefaultHttpResponse(decodeResult: success, version: HTTP/1.1)
HTTP/1.1 200 OK
Content-Length: 95
Content-Type: application/json; charset=utf-8
cache-control: no-cache

[DEBUG] Adding key: http://localhost:6213 for channel [id: 0xf4896cd9, L:/127.0.0.1:58732 - R:localhost/127.0.0.1:6213]
[DEBUG] Using pooled Channel '[id: 0xf4896cd9, L:/127.0.0.1:58732 - R:localhost/127.0.0.1:6213]' for 'POST' to 'http://localhost:6213/session/9bd33102c2ee15f4dcd548a8a2ddd9eb/execute/sync'
[DEBUG] Using open Channel [id: 0xf4896cd9, L:/127.0.0.1:58732 - R:localhost/127.0.0.1:6213] for POST '/session/9bd33102c2ee15f4dcd548a8a2ddd9eb/execute/sync'
[DEBUG] 

Request DefaultHttpRequest(decodeResult: success, version: HTTP/1.1)
POST /session/9bd33102c2ee15f4dcd548a8a2ddd9eb/execute/sync HTTP/1.1
User-Agent: selenium/4.8.2 (java windows)
Content-Length: 48814
Content-Type: application/json; charset=utf-8
host: localhost:6213
accept: */*

Response DefaultHttpResponse(decodeResult: success, version: HTTP/1.1)
HTTP/1.1 200 OK
Content-Length: 14
Content-Type: application/json; charset=utf-8
cache-control: no-cache

[DEBUG] Adding key: http://localhost:6213 for channel [id: 0xf4896cd9, L:/127.0.0.1:58732 - R:localhost/127.0.0.1:6213]
]]></system-out>
  </testcase>
  <testcase name="searchWithValidProduct" classname="com.qa.ninja.testcases.Ninja_SearchTests" time="1.314">
    <system-out><![CDATA[[DEBUG] Using pooled Channel '[id: 0x588af421, L:/127.0.0.1:58829 - R:localhost/127.0.0.1:17743]' for 'POST' to 'http://localhost:17743/session/1ea7a75bb65e8a23ec23720bc8182c9e/element'
[DEBUG] Using open Channel [id: 0x588af421, L:/127.0.0.1:58829 - R:localhost/127.0.0.1:17743] for POST '/session/1ea7a75bb65e8a23ec23720bc8182c9e/element'
[DEBUG] 

Request DefaultHttpRequest(decodeResult: success, version: HTTP/1.1)
POST /session/1ea7a75bb65e8a23ec23720bc8182c9e/element HTTP/1.1
User-Agent: selenium/4.8.2 (java windows)
Content-Length: 60
Content-Type: application/json; charset=utf-8
host: localhost:17743
accept: */*

Response DefaultHttpResponse(decodeResult: success, version: HTTP/1.1)
HTTP/1.1 200 OK
Content-Length: 95
Content-Type: application/json; charset=utf-8
cache-control: no-cache

[DEBUG] Adding key: http://localhost:17743 for channel [id: 0x588af421, L:/127.0.0.1:58829 - R:localhost/127.0.0.1:17743]
[DEBUG] Using pooled Channel '[id: 0x588af421, L:/127.0.0.1:58829 - R:localhost/127.0.0.1:17743]' for 'POST' to 'http://localhost:17743/session/1ea7a75bb65e8a23ec23720bc8182c9e/element/CB03FB4868C902F735D7492BE035052E_element_63/value'
[DEBUG] Using open Channel [id: 0x588af421, L:/127.0.0.1:58829 - R:localhost/127.0.0.1:17743] for POST '/session/1ea7a75bb65e8a23ec23720bc8182c9e/element/CB03FB4868C902F735D7492BE035052E_element_63/value'
[DEBUG] 

Request DefaultHttpRequest(decodeResult: success, version: HTTP/1.1)
POST /session/1ea7a75bb65e8a23ec23720bc8182c9e/element/CB03FB4868C902F735D7492BE035052E_element_63/value HTTP/1.1
User-Agent: selenium/4.8.2 (java windows)
Content-Length: 158
Content-Type: application/json; charset=utf-8
host: localhost:17743
accept: */*

Response DefaultHttpResponse(decodeResult: success, version: HTTP/1.1)
HTTP/1.1 200 OK
Content-Length: 14
Content-Type: application/json; charset=utf-8
cache-control: no-cache

[DEBUG] Adding key: http://localhost:17743 for channel [id: 0x588af421, L:/127.0.0.1:58829 - R:localhost/127.0.0.1:17743]
[DEBUG] Using pooled Channel '[id: 0x588af421, L:/127.0.0.1:58829 - R:localhost/127.0.0.1:17743]' for 'POST' to 'http://localhost:17743/session/1ea7a75bb65e8a23ec23720bc8182c9e/element'
[DEBUG] Using open Channel [id: 0x588af421, L:/127.0.0.1:58829 - R:localhost/127.0.0.1:17743] for POST '/session/1ea7a75bb65e8a23ec23720bc8182c9e/element'
[DEBUG] 

Request DefaultHttpRequest(decodeResult: success, version: HTTP/1.1)
POST /session/1ea7a75bb65e8a23ec23720bc8182c9e/element HTTP/1.1
User-Agent: selenium/4.8.2 (java windows)
Content-Length: 73
Content-Type: application/json; charset=utf-8
host: localhost:17743
accept: */*

Response DefaultHttpResponse(decodeResult: success, version: HTTP/1.1)
HTTP/1.1 200 OK
Content-Length: 95
Content-Type: application/json; charset=utf-8
cache-control: no-cache

[DEBUG] Adding key: http://localhost:17743 for channel [id: 0x588af421, L:/127.0.0.1:58829 - R:localhost/127.0.0.1:17743]
[DEBUG] Using pooled Channel '[id: 0x588af421, L:/127.0.0.1:58829 - R:localhost/127.0.0.1:17743]' for 'POST' to 'http://localhost:17743/session/1ea7a75bb65e8a23ec23720bc8182c9e/element/CB03FB4868C902F735D7492BE035052E_element_65/click'
[DEBUG] Using open Channel [id: 0x588af421, L:/127.0.0.1:58829 - R:localhost/127.0.0.1:17743] for POST '/session/1ea7a75bb65e8a23ec23720bc8182c9e/element/CB03FB4868C902F735D7492BE035052E_element_65/click'
[DEBUG] Entry count for : http://localhost:58795 : 1
[DEBUG] Entry count for : http://localhost:58761 : 1
[DEBUG] Entry count for : http://localhost:58733 : 1
[DEBUG] Entry count for : http://localhost:18133 : 1
[DEBUG] Entry count for : http://localhost:58830 : 1
[DEBUG] Entry count for : http://localhost:6213 : 1
[DEBUG] Entry count for : http://localhost:32123 : 1
[DEBUG] 

Request DefaultHttpRequest(decodeResult: success, version: HTTP/1.1)
POST /session/1ea7a75bb65e8a23ec23720bc8182c9e/element/CB03FB4868C902F735D7492BE035052E_element_65/click HTTP/1.1
User-Agent: selenium/4.8.2 (java windows)
Content-Length: 57
Content-Type: application/json; charset=utf-8
host: localhost:17743
accept: */*

Response DefaultHttpResponse(decodeResult: success, version: HTTP/1.1)
HTTP/1.1 200 OK
Content-Length: 14
Content-Type: application/json; charset=utf-8
cache-control: no-cache

[DEBUG] Adding key: http://localhost:17743 for channel [id: 0x588af421, L:/127.0.0.1:58829 - R:localhost/127.0.0.1:17743]
[DEBUG] Using pooled Channel '[id: 0x588af421, L:/127.0.0.1:58829 - R:localhost/127.0.0.1:17743]' for 'POST' to 'http://localhost:17743/session/1ea7a75bb65e8a23ec23720bc8182c9e/element'
[DEBUG] Using open Channel [id: 0x588af421, L:/127.0.0.1:58829 - R:localhost/127.0.0.1:17743] for POST '/session/1ea7a75bb65e8a23ec23720bc8182c9e/element'
[DEBUG] 

Request DefaultHttpRequest(decodeResult: success, version: HTTP/1.1)
POST /session/1ea7a75bb65e8a23ec23720bc8182c9e/element HTTP/1.1
User-Agent: selenium/4.8.2 (java windows)
Content-Length: 48
Content-Type: application/json; charset=utf-8
host: localhost:17743
accept: */*

Response DefaultHttpResponse(decodeResult: success, version: HTTP/1.1)
HTTP/1.1 200 OK
Content-Length: 95
Content-Type: application/json; charset=utf-8
cache-control: no-cache

[DEBUG] Adding key: http://localhost:17743 for channel [id: 0x588af421, L:/127.0.0.1:58829 - R:localhost/127.0.0.1:17743]
[DEBUG] Using pooled Channel '[id: 0x588af421, L:/127.0.0.1:58829 - R:localhost/127.0.0.1:17743]' for 'POST' to 'http://localhost:17743/session/1ea7a75bb65e8a23ec23720bc8182c9e/execute/sync'
[DEBUG] Using open Channel [id: 0x588af421, L:/127.0.0.1:58829 - R:localhost/127.0.0.1:17743] for POST '/session/1ea7a75bb65e8a23ec23720bc8182c9e/execute/sync'
[DEBUG] 

Request DefaultHttpRequest(decodeResult: success, version: HTTP/1.1)
POST /session/1ea7a75bb65e8a23ec23720bc8182c9e/execute/sync HTTP/1.1
User-Agent: selenium/4.8.2 (java windows)
Content-Length: 48814
Content-Type: application/json; charset=utf-8
host: localhost:17743
accept: */*

Response DefaultHttpResponse(decodeResult: success, version: HTTP/1.1)
HTTP/1.1 200 OK
Content-Length: 14
Content-Type: application/json; charset=utf-8
cache-control: no-cache

[DEBUG] Adding key: http://localhost:17743 for channel [id: 0x588af421, L:/127.0.0.1:58829 - R:localhost/127.0.0.1:17743]
]]></system-out>
  </testcase>
</testsuite>