<?xml version="1.0" encoding="UTF-8"?>
<!-- Generated by org.testng.reporters.JUnitXMLReporter -->
<testsuite ignored="0" hostname="LAPTOP-PLNO5R2G" failures="0" tests="18" name="Tutorials Ninja Test" time="35.107" errors="0" timestamp="2023-05-26T16:33:09 PDT">
  <testcase classname="com.qa.ninja.testcases.Ninja_LandinPageTest" name="pageTitleandpageUrl" time="0.035"/>
  <testcase classname="com.qa.ninja.testcases.Ninja_LoginPageTest" name="loginWithInvalidCredentials" time="0.907"/>
  <testcase classname="com.qa.ninja.testcases.Ninja_LoginPageTest" name="loginWithValidUsernameInvalidPassword" time="0.632"/>
  <testcase classname="com.qa.ninja.testcases.Ninja_LoginPageTest" name="loginWithInvalidUsernameValidPassword" time="0.707"/>
  <testcase classname="com.qa.ninja.testcases.Ninja_LoginPageTest" name="loginWithNoCredentials" time="0.484"/>
  <testcase classname="com.qa.ninja.testcases.Ninja_LoginPageTest" name="loginWithValidCredentials" time="0.741"/>
  <testcase classname="com.qa.ninja.testcases.Ninja_LoginPageTest" name="loginWithValidCredentials" time="0.721"/>
  <testcase classname="com.qa.ninja.testcases.Ninja_LoginPageTest" name="loginWithValidCredentials" time="0.871"/>
  <testcase classname="com.qa.ninja.testcases.Ninja_LoginPageTest" name="loginWithValidCredentials" time="0.687"/>
  <testcase classname="com.qa.ninja.testcases.Ninja_LoginPageTest" name="loginWithValidCredentials" time="0.668"/>
  <testcase classname="com.qa.ninja.testcases.Ninja_LoginPageTest" name="loginWithValidCredentials" time="0.69"/>
  <testcase classname="com.qa.ninja.testcases.Ninja_LoginPageTest" name="loginWithValidCredentials" time="0.819"/>
  <testcase classname="com.qa.ninja.testcases.Ninja_CreateAnAccountTests" name="registrationWithNoDetails" time="0.817"/>
  <testcase classname="com.qa.ninja.testcases.Ninja_CreateAnAccountTests" name="verifyRegistrationWithMandotaryFields" time="1.031"/>
  <testcase classname="com.qa.ninja.testcases.Ninja_CreateAnAccountTests" name="verifyRegistrationWithAllFields" time="0.551"/>
  <testcase classname="com.qa.ninja.testcases.Ninja_CreateAnAccountTests" name="registrationWithExistingEmailId" time="0.599"/>
  <testcase classname="com.qa.ninja.testcases.Ninja_SearchTests" name="searchWithValidProduct" time="1.299"/>
  <testcase classname="com.qa.ninja.testcases.Ninja_SearchTests" name="searchWithInvalidProduct" time="0.499"/>
</testsuite> <!-- Tutorials Ninja Test -->
